2025/11/22 01:32:28 OSPF: [VTVCM-Y2NW3] Configuration Read in Took: 00:00:00
2025/11/22 01:32:28 OSPF: [G6NKK-8C6DV] end_config: VTY:0x72b34a3db070, pending SET-CFG: 0
2025/11/22 01:32:28 LDP: [VTVCM-Y2NW3] Configuration Read in Took: 00:00:00
2025/11/22 01:32:28 LDP: [G6NKK-8C6DV] end_config: VTY:0x704e2dfca610, pending SET-CFG: 0
2025/11/22 01:32:28 BGP: [VTVCM-Y2NW3] Configuration Read in Took: 00:00:00
2025/11/22 01:32:28 BGP: [G6NKK-8C6DV] end_config: VTY:0x7489f10280b0, pending SET-CFG: 0
2025/11/22 01:32:28 OSPF6: [VTVCM-Y2NW3] Configuration Read in Took: 00:00:00
2025/11/22 01:32:28 OSPF6: [G6NKK-8C6DV] end_config: VTY:0x6ffcd7f63050, pending SET-CFG: 0
2025/11/22 01:32:28 ZEBRA: [YDG3W-JND95] FD Limit set: 1048576 is stupidly large.  Is this what you intended?  Consider using --limit-fds also limiting size to 100000
2025/11/22 01:32:28 ISIS: [VTVCM-Y2NW3] Configuration Read in Took: 00:00:00
2025/11/22 01:32:28 ISIS: [G6NKK-8C6DV] end_config: VTY:0x73c706ede1c0, pending SET-CFG: 0
2025/11/22 01:32:28 ZEBRA: [V98V0-MTWPF] client 84 says hello and bids fair to announce only bgp routes vrf=0
2025/11/22 01:32:28 ZEBRA: [VTVCM-Y2NW3] Configuration Read in Took: 00:00:00
2025/11/22 01:32:28 ZEBRA: [G6NKK-8C6DV] end_config: VTY:0x76c6763e66c0, pending SET-CFG: 0
2025/11/22 01:32:28 PATH: [VTVCM-Y2NW3] Configuration Read in Took: 00:00:00
2025/11/22 01:32:28 PATH: [G6NKK-8C6DV] end_config: VTY:0x7f0b2a2c1190, pending SET-CFG: 0
2025/11/22 01:32:28 STATIC: [VTVCM-Y2NW3] Configuration Read in Took: 00:00:00
2025/11/22 01:32:28 STATIC: [G6NKK-8C6DV] end_config: VTY:0x76065fc110c0, pending SET-CFG: 0
2025/11/22 01:32:28 OSPF6: [GZ318-0J443] Zebra: got delete of lo10, but interface is still up
2025/11/22 01:32:28 OSPF6: [GZ318-0J443] Zebra: got delete of lo20, but interface is still up
2025/11/22 01:32:29 OSPF6: [GZ318-0J443] Zebra: got delete of eth3, but interface is still up
2025/11/22 01:43:05 OSPF6: [VTVCM-Y2NW3] Configuration Read in Took: 00:00:00
2025/11/22 01:43:05 OSPF6: [G6NKK-8C6DV] end_config: VTY:0x712cce3ee050, pending SET-CFG: 0
2025/11/22 01:43:05 BGP: [VTVCM-Y2NW3] Configuration Read in Took: 00:00:00
2025/11/22 01:43:05 BGP: [G6NKK-8C6DV] end_config: VTY:0x7e52682470b0, pending SET-CFG: 0
2025/11/22 01:43:05 LDP: [VTVCM-Y2NW3] Configuration Read in Took: 00:00:00
2025/11/22 01:43:05 LDP: [G6NKK-8C6DV] end_config: VTY:0x7ba6d6f45610, pending SET-CFG: 0
2025/11/22 01:43:05 ISIS: [VTVCM-Y2NW3] Configuration Read in Took: 00:00:00
2025/11/22 01:43:05 ISIS: [G6NKK-8C6DV] end_config: VTY:0x7c4bb9aac1b0, pending SET-CFG: 0
2025/11/22 01:43:05 OSPF: [VTVCM-Y2NW3] Configuration Read in Took: 00:00:00
2025/11/22 01:43:05 OSPF: [G6NKK-8C6DV] end_config: VTY:0x7f1daba01060, pending SET-CFG: 0
2025/11/22 01:43:05 STATIC: [VTVCM-Y2NW3] Configuration Read in Took: 00:00:00
2025/11/22 01:43:05 STATIC: [G6NKK-8C6DV] end_config: VTY:0x7e065d5c40c0, pending SET-CFG: 0
2025/11/22 01:43:05 PATH: [VTVCM-Y2NW3] Configuration Read in Took: 00:00:00
2025/11/22 01:43:05 PATH: [G6NKK-8C6DV] end_config: VTY:0x7f1264297180, pending SET-CFG: 0
2025/11/22 01:43:05 ZEBRA: [YDG3W-JND95] FD Limit set: 1048576 is stupidly large.  Is this what you intended?  Consider using --limit-fds also limiting size to 100000
2025/11/22 01:43:05 ZEBRA: [V98V0-MTWPF] client 84 says hello and bids fair to announce only bgp routes vrf=0
2025/11/22 01:44:23 OSPF: [VTVCM-Y2NW3] Configuration Read in Took: 00:00:00
2025/11/22 01:44:23 OSPF: [G6NKK-8C6DV] end_config: VTY:0x7e2ca561a070, pending SET-CFG: 0
2025/11/22 01:44:23 LDP: [VTVCM-Y2NW3] Configuration Read in Took: 00:00:00
2025/11/22 01:44:23 LDP: [G6NKK-8C6DV] end_config: VTY:0x7c4e88543610, pending SET-CFG: 0
2025/11/22 01:44:23 OSPF6: [VTVCM-Y2NW3] Configuration Read in Took: 00:00:00
2025/11/22 01:44:23 OSPF6: [G6NKK-8C6DV] end_config: VTY:0x756ac8ec9050, pending SET-CFG: 0
2025/11/22 01:44:23 ISIS: [VTVCM-Y2NW3] Configuration Read in Took: 00:00:00
2025/11/22 01:44:23 ISIS: [G6NKK-8C6DV] end_config: VTY:0x7f3de97701b0, pending SET-CFG: 0
2025/11/22 01:44:23 BGP: [VTVCM-Y2NW3] Configuration Read in Took: 00:00:00
2025/11/22 01:44:23 BGP: [G6NKK-8C6DV] end_config: VTY:0x7d65641010b0, pending SET-CFG: 0
2025/11/22 01:44:23 STATIC: [VTVCM-Y2NW3] Configuration Read in Took: 00:00:00
2025/11/22 01:44:23 STATIC: [G6NKK-8C6DV] end_config: VTY:0x766cce9570c0, pending SET-CFG: 0
2025/11/22 01:44:23 PATH: [VTVCM-Y2NW3] Configuration Read in Took: 00:00:00
2025/11/22 01:44:23 PATH: [G6NKK-8C6DV] end_config: VTY:0x7531fee75190, pending SET-CFG: 0
2025/11/22 01:44:23 ZEBRA: [YDG3W-JND95] FD Limit set: 1048576 is stupidly large.  Is this what you intended?  Consider using --limit-fds also limiting size to 100000
2025/11/22 01:44:23 ZEBRA: [V98V0-MTWPF] client 84 says hello and bids fair to announce only bgp routes vrf=0
2025/11/22 01:44:24 OSPF6: [GZ318-0J443] Zebra: got delete of lo10, but interface is still up
2025/11/22 01:44:24 OSPF6: [GZ318-0J443] Zebra: got delete of lo20, but interface is still up
2025/11/22 01:44:24 OSPF6: [GZ318-0J443] Zebra: got delete of eth3, but interface is still up
2025/11/22 01:45:58 ZEBRA: [YDG3W-JND95] FD Limit set: 1048576 is stupidly large.  Is this what you intended?  Consider using --limit-fds also limiting size to 100000
2025/11/22 01:45:58 ZEBRA: [V98V0-MTWPF] client 90 says hello and bids fair to announce only isis routes vrf=0
2025/11/22 01:45:58 ZEBRA: [TAFZ7-2C7QV] client protocol instance 1
2025/11/22 01:47:22 ISIS: [S89PV-K124N] isis_zebra_process_srv6_locator_internal: Received SRv6 locator loc01 fc00:0:1::/48, loc-block-len=24, loc-node-len=24 func-len=16, arg-len=0
2025/11/22 01:47:35 PATH: [NN4XW-E4M3V] IPv6 Router Id updated for VRF 0: fc00:0:1::1
2025/11/22 01:48:40 ISIS: [VQK5M-9G0V1][EC 100663315] CPU starvation: {(event *)0x7fff57035068 arg=0x7f3de97c1368 ready               send_hello_cb() threadp from isisd/isis_pdu.c:2122} getting executed 4738ms late, warning threshold 4000ms. System load: 0.04, 0.40, 0.25
2025/11/22 01:51:25 ZEBRA: [VQK5M-9G0V1][EC 100663315] CPU starvation: {(event *)0x7ffdab9398d8 arg=0x703c28218910 ready               wheel_timer_thread() &wheel->timer from lib/wheel.c:50} getting executed 4421ms late, warning threshold 4000ms. System load: 0.20, 0.31, 0.24
2025/11/22 01:51:26 ISIS: [VQK5M-9G0V1][EC 100663315] CPU starvation: {(event *)0x7fff57035068 arg=0x7f3de976a2a0 ready               lsp_tick() &area->t_tick from isisd/isis_lsp.c:2160} getting executed 4710ms late, warning threshold 4000ms. System load: 0.20, 0.31, 0.24
2025/11/22 01:55:52 ZEBRA: [VQK5M-9G0V1][EC 100663315] CPU starvation: {(event *)0x7ffdab9398d8 arg=0x703c28218910 ready               wheel_timer_thread() &wheel->timer from lib/wheel.c:50} getting executed 4035ms late, warning threshold 4000ms. System load: 0.10, 0.15, 0.18
2025/11/22 02:04:26 ISIS: [Q7SVW-YVKRH] %ADJCHANGE: Adjacency to 0000.0000.0002 (eth2) for level-2 changed from Unknown to Initializing, unspecified
2025/11/22 02:04:27 ISIS: [Q7SVW-YVKRH] %ADJCHANGE: Adjacency to 0000.0000.0002 (eth2) for level-2 changed from Initializing to Up, unspecified
2025/11/22 02:06:05 ISIS: [M7QDW-48DP2] isis_recv_pdu_bcast: ifname eth1, fd 20, bytesread -1, recvfrom(): Network is down
2025/11/22 02:06:05 ISIS: [P42KE-G0CDM] packet is received on multiple interfaces: socket interface 0, circuit interface 52, packet type 0
2025/11/22 02:06:05 ISIS: [PT8ND-1Y17N] isis_recv_pdu_bcast: recvfrom() failed
2025/11/22 02:06:05 ISIS: [TBBSQ-HBJMF] IS-IS pfpacket: could not transmit packet on eth1: No such device or address
2025/11/22 02:06:05 ISIS: [G7ZA5-AT06A][EC 67108865] ISIS-Adj (core): Send L2 IIH on eth1 failed
2025/11/22 02:06:05 ZEBRA: [SWQK6-6JY63][EC 4043309074] 0:254:fc00:0:2::1/128: Failed to enqueue dataplane install
2025/11/22 02:06:05 ZEBRA: [SWQK6-6JY63][EC 4043309074] 0:254:fc00:0:2::/48: Failed to enqueue dataplane install
2025/11/22 02:06:05 ZEBRA: [SWQK6-6JY63][EC 4043309074] 0:254:fc00:0:1:1::/128: Failed to enqueue dataplane install
2025/11/22 02:06:05 ISIS: [M7QDW-48DP2] isis_recv_pdu_bcast: ifname eth2, fd 21, bytesread -1, recvfrom(): Network is down
2025/11/22 02:06:05 ISIS: [P42KE-G0CDM] packet is received on multiple interfaces: socket interface 0, circuit interface 47, packet type 0
2025/11/22 02:06:05 ISIS: [PT8ND-1Y17N] isis_recv_pdu_bcast: recvfrom() failed
2025/11/22 02:06:05 ISIS: [Q7SVW-YVKRH] %ADJCHANGE: Adjacency to pe2 (eth2) for level-2 changed from Up to Down, circuit is being brought down
2025/11/22 02:06:05 ISIS: [TBBSQ-HBJMF] IS-IS pfpacket: could not transmit packet on eth2: No such device or address
2025/11/22 02:06:05 ISIS: [G7ZA5-AT06A][EC 67108865] ISIS-Adj (core): Send L2 IIH on eth2 failed
2025/11/22 02:06:57 ZEBRA: [VTVCM-Y2NW3] Configuration Read in Took: 00:00:00
2025/11/22 02:06:57 ZEBRA: [G6NKK-8C6DV] end_config: VTY:0x720a9fc11610, pending SET-CFG: 0
2025/11/22 02:06:57 OSPF: [VTVCM-Y2NW3] Configuration Read in Took: 00:00:00
2025/11/22 02:06:57 OSPF: [G6NKK-8C6DV] end_config: VTY:0x78c10d59b070, pending SET-CFG: 0
2025/11/22 02:06:57 BGP: [VTVCM-Y2NW3] Configuration Read in Took: 00:00:00
2025/11/22 02:06:57 BGP: [G6NKK-8C6DV] end_config: VTY:0x736fb6e280b0, pending SET-CFG: 0
2025/11/22 02:06:57 OSPF6: [VTVCM-Y2NW3] Configuration Read in Took: 00:00:00
2025/11/22 02:06:57 OSPF6: [G6NKK-8C6DV] end_config: VTY:0x7b244de0c050, pending SET-CFG: 0
2025/11/22 02:06:57 LDP: [VTVCM-Y2NW3] Configuration Read in Took: 00:00:00
2025/11/22 02:06:57 LDP: [G6NKK-8C6DV] end_config: VTY:0x7ebb5261b610, pending SET-CFG: 0
2025/11/22 02:06:57 ISIS: [VTVCM-Y2NW3] Configuration Read in Took: 00:00:00
2025/11/22 02:06:57 ISIS: [G6NKK-8C6DV] end_config: VTY:0x7b9c548821c0, pending SET-CFG: 0
2025/11/22 02:06:57 STATIC: [VTVCM-Y2NW3] Configuration Read in Took: 00:00:00
2025/11/22 02:06:57 STATIC: [G6NKK-8C6DV] end_config: VTY:0x770a209aa0c0, pending SET-CFG: 0
2025/11/22 02:06:57 PATH: [VTVCM-Y2NW3] Configuration Read in Took: 00:00:00
2025/11/22 02:06:57 PATH: [G6NKK-8C6DV] end_config: VTY:0x7ac3bd589190, pending SET-CFG: 0
2025/11/22 02:06:57 ZEBRA: [YDG3W-JND95] FD Limit set: 1048576 is stupidly large.  Is this what you intended?  Consider using --limit-fds also limiting size to 100000
2025/11/22 02:06:57 ZEBRA: [V98V0-MTWPF] client 84 says hello and bids fair to announce only bgp routes vrf=0
2025/11/22 02:06:58 OSPF6: [GZ318-0J443] Zebra: got delete of lo10, but interface is still up
2025/11/22 02:06:58 OSPF6: [GZ318-0J443] Zebra: got delete of lo20, but interface is still up
2025/11/22 02:06:58 OSPF6: [GZ318-0J443] Zebra: got delete of eth3, but interface is still up
2025/11/22 02:09:10 OSPF: [VTVCM-Y2NW3] Configuration Read in Took: 00:00:00
2025/11/22 02:09:10 OSPF: [G6NKK-8C6DV] end_config: VTY:0x76846d5e3050, pending SET-CFG: 0
2025/11/22 02:09:10 OSPF6: [VTVCM-Y2NW3] Configuration Read in Took: 00:00:00
2025/11/22 02:09:10 OSPF6: [G6NKK-8C6DV] end_config: VTY:0x70ace841f050, pending SET-CFG: 0
2025/11/22 02:09:10 LDP: [VTVCM-Y2NW3] Configuration Read in Took: 00:00:00
2025/11/22 02:09:10 LDP: [G6NKK-8C6DV] end_config: VTY:0x7fec826c8610, pending SET-CFG: 0
2025/11/22 02:09:10 BGP: [VTVCM-Y2NW3] Configuration Read in Took: 00:00:00
2025/11/22 02:09:10 BGP: [G6NKK-8C6DV] end_config: VTY:0x7687a65120b0, pending SET-CFG: 0
2025/11/22 02:09:10 ISIS: [VTVCM-Y2NW3] Configuration Read in Took: 00:00:00
2025/11/22 02:09:10 ISIS: [G6NKK-8C6DV] end_config: VTY:0x783b583711b0, pending SET-CFG: 0
2025/11/22 02:09:10 STATIC: [VTVCM-Y2NW3] Configuration Read in Took: 00:00:00
2025/11/22 02:09:10 STATIC: [G6NKK-8C6DV] end_config: VTY:0x7e243cf190c0, pending SET-CFG: 0
2025/11/22 02:09:10 PATH: [VTVCM-Y2NW3] Configuration Read in Took: 00:00:00
2025/11/22 02:09:10 PATH: [G6NKK-8C6DV] end_config: VTY:0x7006cd513190, pending SET-CFG: 0
2025/11/22 02:09:11 ZEBRA: [YDG3W-JND95] FD Limit set: 1048576 is stupidly large.  Is this what you intended?  Consider using --limit-fds also limiting size to 100000
2025/11/22 02:09:11 ZEBRA: [V98V0-MTWPF] client 69 says hello and bids fair to announce only bgp routes vrf=0
2025/11/22 02:09:11 ZEBRA: [YDG3W-JND95] FD Limit set: 1048576 is stupidly large.  Is this what you intended?  Consider using --limit-fds also limiting size to 100000
2025/11/22 02:09:11 ZEBRA: [YDG3W-JND95] FD Limit set: 1048576 is stupidly large.  Is this what you intended?  Consider using --limit-fds also limiting size to 100000
2025/11/22 02:09:11 ZEBRA: [V98V0-MTWPF] client 74 says hello and bids fair to announce only bgp routes vrf=0
2025/11/22 02:09:11 ZEBRA: [V98V0-MTWPF] client 77 says hello and bids fair to announce only vnc routes vrf=0
2025/11/22 02:09:11 ZEBRA: [YDG3W-JND95] FD Limit set: 1048576 is stupidly large.  Is this what you intended?  Consider using --limit-fds also limiting size to 100000
2025/11/22 02:09:11 ZEBRA: [V98V0-MTWPF] client 84 says hello and bids fair to announce only ospf routes vrf=0
2025/11/22 02:09:11 OSPF6: [GZ318-0J443] Zebra: got delete of lo10, but interface is still up
2025/11/22 02:09:11 OSPF6: [GZ318-0J443] Zebra: got delete of lo20, but interface is still up
2025/11/22 02:09:11 OSPF6: [GZ318-0J443] Zebra: got delete of eth3, but interface is still up
2025/11/22 02:11:59 PATH: [NN4XW-E4M3V] IPv6 Router Id updated for VRF 0: fc00:0:1::1
2025/11/22 02:13:47 ISIS: [S89PV-K124N] isis_zebra_process_srv6_locator_internal: Received SRv6 locator loc01 fc00:0:2::/48, loc-block-len=24, loc-node-len=24 func-len=16, arg-len=0
2025/11/22 02:14:01 ISIS: [S89PV-K124N] isis_zebra_process_srv6_locator_internal: Received SRv6 locator loc01 fc00:0:1::/48, loc-block-len=24, loc-node-len=24 func-len=16, arg-len=0
2025/11/22 02:15:38 ISIS: [S8221-ZGWH5] p2p hello on non p2p circuit
2025/11/22 02:15:38 ISIS: [VAS9N-1JNNR] PDU drop detected of type: P2P IIH. 1 Total Drops; 0 L1 IIH drops;  0 L2 IIH drops; 1 P2P IIH drops; 0 L1 LSP drops; 0 L2 LSP drops; 0 FS LSP drops; 0 L1 CSNP drops; 0 L2 CSNP drops; 0 L1 PSNP drops; 0 L2 PSNP drops.
2025/11/22 02:15:40 ISIS: [Q7SVW-YVKRH] %ADJCHANGE: Adjacency to 0000.0000.0002 (eth2) for level-2 changed from Unknown to Initializing, unspecified
2025/11/22 02:15:40 ISIS: [Q7SVW-YVKRH] %ADJCHANGE: Adjacency to 0000.0000.0002 (eth2) for level-2 changed from Initializing to Up, unspecified
2025/11/22 02:17:25 ZEBRA: [VQK5M-9G0V1][EC 100663315] CPU starvation: {(event *)0x7ffd48d97278 arg=0x7ade0ab16910 ready               wheel_timer_thread() &wheel->timer from lib/wheel.c:50} getting executed 4008ms late, warning threshold 4000ms. System load: 0.07, 0.23, 0.28
2025/11/22 02:18:21 ISIS: [Q7SVW-YVKRH] %ADJCHANGE: Adjacency to 0000.0001.0001 (eth1) for level-2 changed from Unknown to Initializing, unspecified
2025/11/22 02:18:22 ISIS: [Q7SVW-YVKRH] %ADJCHANGE: Adjacency to 0000.0001.0001 (eth1) for level-2 changed from Initializing to Up, unspecified
2025/11/22 02:25:53 PATH: [NN4XW-E4M3V] IPv4 Router Id updated for VRF 0: 172.16.0.1
2025/11/22 02:28:18 BGP: [Q3JZC-9H626] Specify remote-as or peer-group commands first before: neighbor fc00:1:1::1 description p1
2025/11/22 02:28:50 BGP: [Q3JZC-9H626] Specify remote-as or peer-group commands first before: neighbor fc00:1:1::1 description p1
2025/11/22 02:29:06 BGP: [Q3JZC-9H626] Specify remote-as or peer-group commands first before: neighbor fc00:1:1::1 description p1
2025/11/22 02:29:31 BGP: [Q3JZC-9H626] Specify remote-as or peer-group commands first before:  neighbor fc00:1:1::1 description p1
2025/11/22 02:29:45 BGP: [Q3JZC-9H626] Specify remote-as or peer-group commands first before:  neighbor fc00:1:1::1 description p1
2025/11/22 02:30:55 BGP: [M95PE-ZW8F6] VRF default(0): bgp_zebra_process_srv6_locator_internal, Received SRv6 locator loc01 fc00:0:1::/48, loc-block-len=24, loc-node-len=24 func-len=16, arg-len=0
2025/11/22 02:33:26 BGP: [M59KS-A3ZXZ] bgp_update_receive_eor: rcvd End-of-RIB for IPv4 VPN from fc00:1:1::1 in vrf default
2025/11/22 02:33:26 BGP: [M59KS-A3ZXZ] bgp_update_receive_eor: rcvd End-of-RIB for IPv6 Unicast from fc00:1:1::1 in vrf default
2025/11/22 02:33:26 BGP: [M59KS-A3ZXZ] bgp_update_receive_eor: rcvd End-of-RIB for IPv6 VPN from fc00:1:1::1 in vrf default
2025/11/22 02:37:52 BGP: [M59KS-A3ZXZ] bgp_update_receive_eor: rcvd End-of-RIB for IPv4 VPN from fc00:1:1::1 in vrf default
2025/11/22 02:37:52 BGP: [M59KS-A3ZXZ] bgp_update_receive_eor: rcvd End-of-RIB for IPv6 Unicast from fc00:1:1::1 in vrf default
2025/11/22 02:37:52 BGP: [M59KS-A3ZXZ] bgp_update_receive_eor: rcvd End-of-RIB for IPv6 VPN from fc00:1:1::1 in vrf default
2025/11/22 02:38:05 BGP: [MVZKX-EG443][EC 33554452] bgp_process_packet: BGP OPEN receipt failed for peer: fc00:1:1::1
2025/11/22 02:38:06 BGP: [M59KS-A3ZXZ] bgp_update_receive_eor: rcvd End-of-RIB for IPv4 VPN from fc00:1:1::1 in vrf default
2025/11/22 02:38:06 BGP: [M59KS-A3ZXZ] bgp_update_receive_eor: rcvd End-of-RIB for IPv6 Unicast from fc00:1:1::1 in vrf default
2025/11/22 02:38:06 BGP: [M59KS-A3ZXZ] bgp_update_receive_eor: rcvd End-of-RIB for IPv6 VPN from fc00:1:1::1 in vrf default
2025/11/22 02:38:16 BGP: [MVZKX-EG443][EC 33554452] bgp_process_packet: BGP OPEN receipt failed for peer: fc00:1:1::1
2025/11/22 02:38:17 BGP: [M59KS-A3ZXZ] bgp_update_receive_eor: rcvd End-of-RIB for IPv4 VPN from fc00:1:1::1 in vrf default
2025/11/22 02:38:17 BGP: [M59KS-A3ZXZ] bgp_update_receive_eor: rcvd End-of-RIB for IPv6 Unicast from fc00:1:1::1 in vrf default
2025/11/22 02:38:17 BGP: [M59KS-A3ZXZ] bgp_update_receive_eor: rcvd End-of-RIB for IPv6 VPN from fc00:1:1::1 in vrf default
2025/11/22 02:40:03 BGP: [M59KS-A3ZXZ] bgp_update_receive_eor: rcvd End-of-RIB for IPv4 VPN from fc00:1:1::1 in vrf default
2025/11/22 02:40:03 BGP: [M59KS-A3ZXZ] bgp_update_receive_eor: rcvd End-of-RIB for IPv6 Unicast from fc00:1:1::1 in vrf default
2025/11/22 02:40:03 BGP: [M59KS-A3ZXZ] bgp_update_receive_eor: rcvd End-of-RIB for IPv6 VPN from fc00:1:1::1 in vrf default
2025/11/22 02:40:36 BGP: [M59KS-A3ZXZ] bgp_update_receive_eor: rcvd End-of-RIB for IPv4 VPN from fc00:1:2::1 in vrf default
2025/11/22 02:40:36 BGP: [M59KS-A3ZXZ] bgp_update_receive_eor: rcvd End-of-RIB for IPv6 Unicast from fc00:1:2::1 in vrf default
2025/11/22 02:40:36 BGP: [M59KS-A3ZXZ] bgp_update_receive_eor: rcvd End-of-RIB for IPv6 VPN from fc00:1:2::1 in vrf default
2025/11/22 02:56:12 BGP: [GFJE1-F5C3M] 10.0.0.1(Unknown) [Update:SEND] 1.1.0.1/32 EBGP outbound policy not properly setup, please configure in order for your peering to work correctly
2025/11/22 02:56:12 BGP: [M59KS-A3ZXZ] bgp_update_receive_eor: rcvd End-of-RIB for IPv4 Unicast from 10.0.0.1 in vrf blue
2025/11/22 02:58:19 BGP: [M59KS-A3ZXZ] bgp_update_receive_eor: rcvd End-of-RIB for IPv6 Unicast from fc00:a:1:1::2 in vrf blue
2025/11/22 03:16:50 BGP: [P3GYW-PBKQG][EC 33554466] 10.0.0.1 [FSM] unexpected packet received in state OpenSent
2025/11/22 03:16:50 BGP: [MVZKX-EG443][EC 33554452] bgp_process_packet: BGP OPEN receipt failed for peer: fc00:a:1:1::2
2025/11/22 03:16:52 BGP: [M59KS-A3ZXZ] bgp_update_receive_eor: rcvd End-of-RIB for IPv6 Unicast from fc00:a:1:1::2 in vrf blue
2025/11/22 03:16:52 BGP: [M59KS-A3ZXZ] bgp_update_receive_eor: rcvd End-of-RIB for IPv4 Unicast from 10.0.0.1 in vrf blue
2025/11/22 03:17:36 BGP: [MVZKX-EG443][EC 33554452] bgp_process_packet: BGP OPEN receipt failed for peer: fc00:1:2::1
2025/11/22 03:17:36 BGP: [M59KS-A3ZXZ] bgp_update_receive_eor: rcvd End-of-RIB for IPv6 Unicast from fc00:1:1::1 in vrf default
2025/11/22 03:17:36 BGP: [M59KS-A3ZXZ] bgp_update_receive_eor: rcvd End-of-RIB for IPv6 Unicast from fc00:1:2::1 in vrf default
2025/11/22 03:17:37 BGP: [M59KS-A3ZXZ] bgp_update_receive_eor: rcvd End-of-RIB for IPv4 VPN from fc00:1:2::1 in vrf default
2025/11/22 03:17:37 BGP: [M59KS-A3ZXZ] bgp_update_receive_eor: rcvd End-of-RIB for IPv6 VPN from fc00:1:2::1 in vrf default
2025/11/22 03:17:37 BGP: [M59KS-A3ZXZ] bgp_update_receive_eor: rcvd End-of-RIB for IPv4 VPN from fc00:1:1::1 in vrf default
2025/11/22 03:17:37 BGP: [M59KS-A3ZXZ] bgp_update_receive_eor: rcvd End-of-RIB for IPv6 VPN from fc00:1:1::1 in vrf default
2025/11/22 03:36:53 ZEBRA: [SWQK6-6JY63][EC 4043309074] 6:10:1:1:1::/128: Failed to enqueue dataplane install
2025/11/22 03:36:53 ISIS: [Q7SVW-YVKRH] %ADJCHANGE: Adjacency to p1 (eth1) for level-2 changed from Up to Down, circuit is being brought down
2025/11/22 03:36:53 ISIS: [TBBSQ-HBJMF] IS-IS pfpacket: could not transmit packet on eth1: Network is down
2025/11/22 03:36:53 ISIS: [G7ZA5-AT06A][EC 67108865] ISIS-Adj (core): Send L2 IIH on eth1 failed
2025/11/22 03:36:53 ZEBRA: [SWQK6-6JY63][EC 4043309074] 0:254:fc00:0:3::1/128: Failed to enqueue dataplane install
2025/11/22 03:36:53 ZEBRA: [SWQK6-6JY63][EC 4043309074] 0:254:fc00:0:3::/48: Failed to enqueue dataplane install
2025/11/22 03:36:53 ZEBRA: [SWQK6-6JY63][EC 4043309074] 0:254:fc00:1:1::1/128: Failed to enqueue dataplane install
2025/11/22 03:36:53 ZEBRA: [SWQK6-6JY63][EC 4043309074] 0:254:fc00:1:1::/48: Failed to enqueue dataplane install
2025/11/22 03:36:53 ISIS: [M7QDW-48DP2] isis_recv_pdu_bcast: ifname eth2, fd 21, bytesread -1, recvfrom(): Network is down
2025/11/22 03:36:53 ISIS: [P42KE-G0CDM] packet is received on multiple interfaces: socket interface 0, circuit interface 146, packet type 0
2025/11/22 03:36:53 ISIS: [PT8ND-1Y17N] isis_recv_pdu_bcast: recvfrom() failed
2025/11/22 03:36:53 ZEBRA: [HSYZM-HV7HF] Extended Error: Nexthop id does not exist
2025/11/22 03:36:53 ZEBRA: [WVJCK-PPMGD][EC 4043309093] netlink-dp (NS 0) error: Invalid argument, type=RTM_NEWROUTE(24), seq=419, pid=3750089446
2025/11/22 03:36:53 ZEBRA: [HSYZM-HV7HF] Extended Error: Nexthop id does not exist
2025/11/22 03:36:53 ZEBRA: [WVJCK-PPMGD][EC 4043309093] netlink-dp (NS 0) error: Invalid argument, type=RTM_NEWROUTE(24), seq=420, pid=3750089446
2025/11/22 03:36:53 ZEBRA: [HSYZM-HV7HF] Extended Error: Nexthop id does not exist
2025/11/22 03:36:53 ZEBRA: [WVJCK-PPMGD][EC 4043309093] netlink-dp (NS 0) error: Invalid argument, type=RTM_NEWROUTE(24), seq=421, pid=3750089446
2025/11/22 03:36:53 ZEBRA: [HSYZM-HV7HF] Extended Error: Nexthop id does not exist
2025/11/22 03:36:53 ZEBRA: [WVJCK-PPMGD][EC 4043309093] netlink-dp (NS 0) error: Invalid argument, type=RTM_NEWROUTE(24), seq=422, pid=3750089446
2025/11/22 03:36:53 ZEBRA: [HSYZM-HV7HF] Extended Error: Nexthop id does not exist
2025/11/22 03:36:53 ZEBRA: [WVJCK-PPMGD][EC 4043309093] netlink-dp (NS 0) error: Invalid argument, type=RTM_NEWROUTE(24), seq=423, pid=3750089446
2025/11/22 03:36:53 ZEBRA: [HSYZM-HV7HF] Extended Error: Nexthop id does not exist
2025/11/22 03:36:53 ZEBRA: [WVJCK-PPMGD][EC 4043309093] netlink-dp (NS 0) error: Invalid argument, type=RTM_NEWROUTE(24), seq=428, pid=3750089446
2025/11/22 03:36:53 ZEBRA: [HSYZM-HV7HF] Extended Error: Nexthop id does not exist
2025/11/22 03:36:53 ZEBRA: [WVJCK-PPMGD][EC 4043309093] netlink-dp (NS 0) error: Invalid argument, type=RTM_NEWROUTE(24), seq=429, pid=3750089446
2025/11/22 03:36:53 ZEBRA: [HSYZM-HV7HF] Extended Error: Nexthop id does not exist
2025/11/22 03:36:53 ZEBRA: [WVJCK-PPMGD][EC 4043309093] netlink-dp (NS 0) error: Invalid argument, type=RTM_NEWROUTE(24), seq=430, pid=3750089446
2025/11/22 03:36:53 ZEBRA: [HSYZM-HV7HF] Extended Error: Nexthop id does not exist
2025/11/22 03:36:53 ZEBRA: [WVJCK-PPMGD][EC 4043309093] netlink-dp (NS 0) error: Invalid argument, type=RTM_NEWROUTE(24), seq=431, pid=3750089446
2025/11/22 03:36:53 ZEBRA: [HSYZM-HV7HF] Extended Error: Nexthop id does not exist
2025/11/22 03:36:53 ZEBRA: [WVJCK-PPMGD][EC 4043309093] netlink-dp (NS 0) error: Invalid argument, type=RTM_NEWROUTE(24), seq=432, pid=3750089446
2025/11/22 03:36:53 ZEBRA: [HSYZM-HV7HF] Extended Error: Nexthop id does not exist
2025/11/22 03:36:53 ZEBRA: [WVJCK-PPMGD][EC 4043309093] netlink-dp (NS 0) error: Invalid argument, type=RTM_NEWROUTE(24), seq=433, pid=3750089446
2025/11/22 03:36:53 ZEBRA: [HSYZM-HV7HF] Extended Error: Nexthop id does not exist
2025/11/22 03:36:53 ZEBRA: [WVJCK-PPMGD][EC 4043309093] netlink-dp (NS 0) error: Invalid argument, type=RTM_NEWROUTE(24), seq=434, pid=3750089446
2025/11/22 03:36:53 ZEBRA: [HSYZM-HV7HF] Extended Error: Nexthop id does not exist
2025/11/22 03:36:53 ZEBRA: [WVJCK-PPMGD][EC 4043309093] netlink-dp (NS 0) error: Invalid argument, type=RTM_NEWROUTE(24), seq=435, pid=3750089446
2025/11/22 03:36:53 ZEBRA: [HSYZM-HV7HF] Extended Error: Nexthop id does not exist
2025/11/22 03:36:53 ZEBRA: [WVJCK-PPMGD][EC 4043309093] netlink-dp (NS 0) error: Invalid argument, type=RTM_NEWROUTE(24), seq=436, pid=3750089446
2025/11/22 03:36:53 ZEBRA: [HSYZM-HV7HF] Extended Error: Nexthop id does not exist
2025/11/22 03:36:53 ZEBRA: [WVJCK-PPMGD][EC 4043309093] netlink-dp (NS 0) error: Invalid argument, type=RTM_NEWROUTE(24), seq=437, pid=3750089446
2025/11/22 03:36:53 ZEBRA: [HSYZM-HV7HF] Extended Error: Nexthop id does not exist
2025/11/22 03:36:53 ZEBRA: [WVJCK-PPMGD][EC 4043309093] netlink-dp (NS 0) error: Invalid argument, type=RTM_NEWROUTE(24), seq=438, pid=3750089446
2025/11/22 03:36:53 ZEBRA: [HSYZM-HV7HF] Extended Error: Nexthop id does not exist
2025/11/22 03:36:53 ZEBRA: [WVJCK-PPMGD][EC 4043309093] netlink-dp (NS 0) error: Invalid argument, type=RTM_NEWROUTE(24), seq=439, pid=3750089446
2025/11/22 03:36:53 ZEBRA: [HSYZM-HV7HF] Extended Error: Nexthop id does not exist
2025/11/22 03:36:53 ZEBRA: [WVJCK-PPMGD][EC 4043309093] netlink-dp (NS 0) error: Invalid argument, type=RTM_NEWROUTE(24), seq=440, pid=3750089446
2025/11/22 03:36:53 ZEBRA: [HSYZM-HV7HF] Extended Error: Nexthop id does not exist
2025/11/22 03:36:53 ZEBRA: [WVJCK-PPMGD][EC 4043309093] netlink-dp (NS 0) error: Invalid argument, type=RTM_NEWROUTE(24), seq=441, pid=3750089446
2025/11/22 03:36:53 ZEBRA: [VYKYC-709DP] red(7:20):5:1:3::/128: Route install failed
2025/11/22 03:36:53 ZEBRA: [VYKYC-709DP] red(7:20):5:1:1:1::/128: Route install failed
2025/11/22 03:36:53 ZEBRA: [VYKYC-709DP] blue(6:10):fc00:a:1:2::/64: Route install failed
2025/11/22 03:36:53 ZEBRA: [VYKYC-709DP] blue(6:10):1:2:3::/128: Route install failed
2025/11/22 03:36:53 ZEBRA: [VYKYC-709DP] blue(6:10):1:2:1:1::/128: Route install failed
2025/11/22 03:36:53 ZEBRA: [VYKYC-709DP] red(7:20):5:1:4::/128: Route install failed
2025/11/22 03:36:53 ZEBRA: [VYKYC-709DP] red(7:20):fc00:b:1:1::/64: Route install failed
2025/11/22 03:36:53 ZEBRA: [VYKYC-709DP] red(7:20):5:1:2::/128: Route install failed
2025/11/22 03:36:53 ZEBRA: [VYKYC-709DP] red(7:20):5:1:1:2::/128: Route install failed
2025/11/22 03:36:53 ZEBRA: [VYKYC-709DP] blue(6:10):1:2:4::/128: Route install failed
2025/11/22 03:36:53 ZEBRA: [VYKYC-709DP] blue(6:10):1:2:2::/128: Route install failed
2025/11/22 03:36:53 ZEBRA: [VYKYC-709DP] blue(6:10):1:2:1:2::/128: Route install failed
2025/11/22 03:36:53 ZEBRA: [VYKYC-709DP] default(0:254):fc00:0:2::1/128: Route install failed
2025/11/22 03:36:53 ZEBRA: [VYKYC-709DP] default(0:254):fc00:0:2::/48: Route install failed
2025/11/22 03:36:53 ZEBRA: [VYKYC-709DP] default(0:254):fc00:0:4::1/128: Route install failed
2025/11/22 03:36:53 ZEBRA: [VYKYC-709DP] default(0:254):fc00:0:4::/48: Route install failed
2025/11/22 03:36:53 ZEBRA: [VYKYC-709DP] default(0:254):fc00:1:2::1/128: Route install failed
2025/11/22 03:36:53 ZEBRA: [VYKYC-709DP] default(0:254):fc00:1:2::/48: Route install failed
2025/11/22 03:36:53 ZEBRA: [VYKYC-709DP] default(0:254):fc00:0:1:1::/128: Route install failed
2025/11/22 03:36:53 ISIS: [Q7SVW-YVKRH] %ADJCHANGE: Adjacency to pe2 (eth2) for level-2 changed from Up to Down, circuit is being brought down
2025/11/22 03:36:53 ISIS: [TBBSQ-HBJMF] IS-IS pfpacket: could not transmit packet on eth2: No such device or address
2025/11/22 03:36:53 ISIS: [G7ZA5-AT06A][EC 67108865] ISIS-Adj (core): Send L2 IIH on eth2 failed
2025/11/22 04:22:53 OSPF6: [VTVCM-Y2NW3] Configuration Read in Took: 00:00:00
2025/11/22 04:22:53 OSPF6: [G6NKK-8C6DV] end_config: VTY:0x771465f16050, pending SET-CFG: 0
2025/11/22 04:22:53 OSPF: [VTVCM-Y2NW3] Configuration Read in Took: 00:00:00
2025/11/22 04:22:53 OSPF: [G6NKK-8C6DV] end_config: VTY:0x726504ef9070, pending SET-CFG: 0
2025/11/22 04:22:53 PATH: [VTVCM-Y2NW3] Configuration Read in Took: 00:00:00
2025/11/22 04:22:53 PATH: [G6NKK-8C6DV] end_config: VTY:0x76d79feb0190, pending SET-CFG: 0
2025/11/22 04:22:53 LDP: [VTVCM-Y2NW3] Configuration Read in Took: 00:00:00
2025/11/22 04:22:53 LDP: [G6NKK-8C6DV] end_config: VTY:0x7a1b1f180610, pending SET-CFG: 0
2025/11/22 04:22:53 STATIC: [VTVCM-Y2NW3] Configuration Read in Took: 00:00:00
2025/11/22 04:22:53 STATIC: [G6NKK-8C6DV] end_config: VTY:0x779cfa0d40c0, pending SET-CFG: 0
2025/11/22 04:22:53 ISIS: [VTVCM-Y2NW3] Configuration Read in Took: 00:00:00
2025/11/22 04:22:53 ISIS: [G6NKK-8C6DV] end_config: VTY:0x70231d7821c0, pending SET-CFG: 0
2025/11/22 04:22:53 BGP: [VTVCM-Y2NW3] Configuration Read in Took: 00:00:00
2025/11/22 04:22:53 BGP: [G6NKK-8C6DV] end_config: VTY:0x73d46b78f0b0, pending SET-CFG: 0
2025/11/22 04:22:53 OSPF6: [GZ318-0J443] Zebra: got delete of lo10, but interface is still up
2025/11/22 04:22:54 OSPF6: [GZ318-0J443] Zebra: got delete of lo20, but interface is still up
2025/11/22 04:22:54 OSPF6: [GZ318-0J443] Zebra: got delete of eth3, but interface is still up
2025/11/22 04:22:54 ZEBRA: [YDG3W-JND95] FD Limit set: 1048576 is stupidly large.  Is this what you intended?  Consider using --limit-fds also limiting size to 100000
2025/11/22 04:22:54 ZEBRA: [V98V0-MTWPF] client 84 says hello and bids fair to announce only bgp routes vrf=0
2025/11/22 04:25:35 PATH: [NN4XW-E4M3V] IPv4 Router Id updated for VRF 0: 172.16.0.1
2025/11/22 04:25:35 PATH: [NN4XW-E4M3V] IPv6 Router Id updated for VRF 0: fc00:0:1::1
2025/11/22 04:25:35 BGP: [M95PE-ZW8F6] VRF default(0): bgp_zebra_process_srv6_locator_internal, Received SRv6 locator loc01 fc00:0:1::/48, loc-block-len=24, loc-node-len=24 func-len=16, arg-len=0
2025/11/22 04:25:35 ISIS: [S89PV-K124N] isis_zebra_process_srv6_locator_internal: Received SRv6 locator loc01 fc00:0:1::/48, loc-block-len=24, loc-node-len=24 func-len=16, arg-len=0
2025/11/22 04:27:57 BGP: [M59KS-A3ZXZ] bgp_update_receive_eor: rcvd End-of-RIB for IPv4 Unicast from 10.0.0.1 in vrf blue
2025/11/22 04:28:12 BGP: [M59KS-A3ZXZ] bgp_update_receive_eor: rcvd End-of-RIB for IPv6 Unicast from fc00:a:1:1::2 in vrf blue
2025/11/22 04:30:47 ZEBRA: [YDG3W-JND95] FD Limit set: 1048576 is stupidly large.  Is this what you intended?  Consider using --limit-fds also limiting size to 100000
2025/11/22 04:30:47 ZEBRA: [V98V0-MTWPF] client 91 says hello and bids fair to announce only isis routes vrf=0
2025/11/22 04:30:47 ZEBRA: [TAFZ7-2C7QV] client protocol instance 1
2025/11/22 04:38:08 OSPF: [YWPB2-VEAQY] ASBR[blue:Status:1]: Update
2025/11/22 04:38:44 OSPF: [Y05P2-YJVXY] AdjChg: Nbr 1.0.0.0, NbrIP 10.0.0.1 (blue) on eth3:10.0.0.0: Down -> Init (HelloReceived)
2025/11/22 04:38:44 OSPF: [Y05P2-YJVXY] AdjChg: Nbr 1.0.0.0, NbrIP 10.0.0.1 (blue) on eth3:10.0.0.0: Init -> ExStart (2-WayReceived)
2025/11/22 04:38:44 OSPF: [K9Q2W-82MY9] blue: Initializing [DD]: 1.0.0.0 with seqnum:5f5d04d , flags:7
2025/11/22 04:38:44 OSPF: [YPCA4-JHA8Q] blue:Packet[DD]: 1.0.0.0 DB Desc send with seqnum:5f5d04d , flags:7
2025/11/22 04:38:44 OSPF: [SXPB9-WR7E3] blue:Packet[DD]: Neighbor 1.0.0.0 state is ExStart, seq_num:0x4dc7cc88, local:0x5f5d04d
2025/11/22 04:38:44 OSPF: [MJPRP-6G4WM] Packet[DD]: Neighbor 1.0.0.0: Initial DBD from Slave, ignoring.
2025/11/22 04:38:44 OSPF: [SXPB9-WR7E3] blue:Packet[DD]: Neighbor 1.0.0.0 state is ExStart, seq_num:0x5f5d04d, local:0x5f5d04d
2025/11/22 04:38:44 OSPF: [S5PCG-77H23] Packet[DD]: Neighbor 1.0.0.0 Negotiation done (Master).
2025/11/22 04:38:44 OSPF: [Y05P2-YJVXY] AdjChg: Nbr 1.0.0.0, NbrIP 10.0.0.1 (blue) on eth3:10.0.0.0: ExStart -> Exchange (NegotiationDone)
2025/11/22 04:38:44 OSPF: [YPCA4-JHA8Q] blue:Packet[DD]: 1.0.0.0 DB Desc send with seqnum:5f5d04e , flags:1
2025/11/22 04:38:44 OSPF: [SXPB9-WR7E3] blue:Packet[DD]: Neighbor 1.0.0.0 state is Exchange, seq_num:0x5f5d04e, local:0x5f5d04e
2025/11/22 04:38:44 OSPF: [Y05P2-YJVXY] AdjChg: Nbr 1.0.0.0, NbrIP 10.0.0.1 (blue) on eth3:10.0.0.0: Exchange -> Full (ExchangeDone)
2025/11/22 04:38:44 OSPF: [S3578-FNEB0] nsm_change_state:[1.0.0.0:blue], Exchange -> Full): scheduling new router-LSA origination
2025/11/22 04:39:12 STATIC: [NZTXV-H7AQ5] route_notify_owner: Route 1.0.0.0/32 over-ridden by better route for table: 10
2025/11/22 04:43:33 ISIS: [Q7SVW-YVKRH] %ADJCHANGE: Adjacency to 0000.0000.0002 (eth2) for level-2 changed from Unknown to Initializing, unspecified
2025/11/22 04:43:33 ZEBRA: [HSYZM-HV7HF] Extended Error: Label >= configured maximum in platform_labels
2025/11/22 04:43:33 ZEBRA: [WVJCK-PPMGD][EC 4043309093] netlink-dp (NS 0) error: Invalid argument, type=RTM_NEWROUTE(24), seq=117, pid=2438117800
2025/11/22 04:43:33 ZEBRA: [RYJ61-Q2T1D][EC 4043309108] LSP Install Failure: in-label 15000
2025/11/22 04:43:33 ISIS: [Q7SVW-YVKRH] %ADJCHANGE: Adjacency to 0000.0000.0002 (eth2) for level-2 changed from Initializing to Up, unspecified
2025/11/22 04:45:02 BGP: [Q3JZC-9H626] Specify remote-as or peer-group commands first before:  no neighbor 10.0.0.1 description r1
2025/11/22 04:45:02 BGP: [Q3JZC-9H626] Specify remote-as or peer-group commands first before:  no neighbor fc00:a:1:1::2 description r1
2025/11/22 04:45:02 BGP: [Q3JZC-9H626] Specify remote-as or peer-group commands first before:   no neighbor 10.0.0.1 activate
2025/11/22 04:45:02 BGP: [Q3JZC-9H626] Specify remote-as or peer-group commands first before:   no neighbor 10.0.0.1 default-originate
2025/11/22 04:45:02 BGP: [Q3JZC-9H626] Specify remote-as or peer-group commands first before:   no neighbor fc00:a:1:1::2 activate
2025/11/22 04:45:02 BGP: [Q3JZC-9H626] Specify remote-as or peer-group commands first before:   no neighbor fc00:a:1:1::2 default-originate
2025/11/22 04:46:33 OSPF6: [TGY3Y-TNWHZ] Higher order sequence number 0 read for default process No such file or directory
2025/11/22 04:46:33 OSPF6: [H12G7-14H22] Higher order sequence number 0 update for default process
2025/11/22 04:47:08 OSPF6: [RB0PM-VM0Y3] interface_up: Not scheduling Hello for eth3 as there is no area assigned yet
2025/11/22 04:48:18 OSPF6: [TGY3Y-TNWHZ] Higher order sequence number 0 read for blue process No such file or directory
2025/11/22 04:48:18 OSPF6: [H12G7-14H22] Higher order sequence number 0 update for blue process
2025/11/22 04:48:28 OSPF6: [P7YK1-K54GV] VRF blue: Nbr 1.0.0.0%eth3: Negotiation failed
2025/11/22 04:48:43 OSPF6: [X4EPT-3QHCW] ospf6_router_id_update: cannot update router-id. Run the "clear ipv6 ospf6 process" command
2025/11/22 04:48:51 OSPF6: [V8P0C-HB5Z2] ASBR[blue:Status:1]: Update
2025/11/22 04:49:09 OSPF6: [V8P0C-HB5Z2] ASBR[blue:Status:1]: Update
2025/11/22 04:49:09 OSPF6: [Z489N-JAJ6P] ASBR[blue:Status:1]: Already ASBR
2025/11/22 04:49:09 OSPF6: [V8P0C-HB5Z2] ASBR[blue:Status:1]: Update
2025/11/22 04:49:09 OSPF6: [Z489N-JAJ6P] ASBR[blue:Status:1]: Already ASBR
2025/11/22 04:49:14 OSPF6: [GHN28-AMRE7] AdjChg: Nbr 1.0.0.0(blue) on 1.0.0.0%eth3: Down -> Init (HelloReceived)
2025/11/22 04:49:14 OSPF6: [GHN28-AMRE7] AdjChg: Nbr 1.0.0.0(blue) on 1.0.0.0%eth3: Init -> ExStart (2-WayReceived)
2025/11/22 04:49:14 OSPF6: [GHN28-AMRE7] AdjChg: Nbr 1.0.0.0(blue) on 1.0.0.0%eth3: ExStart -> ExChange (NegotiationDone)
2025/11/22 04:49:14 OSPF6: [GHN28-AMRE7] AdjChg: Nbr 1.0.0.0(blue) on 1.0.0.0%eth3: ExChange -> Full (ExchangeDone)
2025/11/22 05:00:34 ISIS: [XQ4FP-5NHW3] ISIS-SPF: No LSP found for 0000.0001.0002.00
2025/11/22 05:01:04 BGP: [M59KS-A3ZXZ] bgp_update_receive_eor: rcvd End-of-RIB for IPv6 Unicast from fc00:1:2::1 in vrf default
2025/11/22 05:01:04 BGP: [M59KS-A3ZXZ] bgp_update_receive_eor: rcvd End-of-RIB for IPv4 VPN from fc00:1:2::1 in vrf default
2025/11/22 05:01:04 BGP: [M59KS-A3ZXZ] bgp_update_receive_eor: rcvd End-of-RIB for IPv6 VPN from fc00:1:2::1 in vrf default
2025/11/22 05:03:35 ISIS: [Q7SVW-YVKRH] %ADJCHANGE: Adjacency to 0000.0001.0001 (eth1) for level-2 changed from Unknown to Initializing, unspecified
2025/11/22 05:03:35 ZEBRA: [HSYZM-HV7HF] Extended Error: Label >= configured maximum in platform_labels
2025/11/22 05:03:35 ZEBRA: [WVJCK-PPMGD][EC 4043309093] netlink-dp (NS 0) error: Invalid argument, type=RTM_NEWROUTE(24), seq=161, pid=2438117800
2025/11/22 05:03:35 ZEBRA: [RYJ61-Q2T1D][EC 4043309108] LSP Install Failure: in-label 15001
2025/11/22 05:03:35 ISIS: [Q7SVW-YVKRH] %ADJCHANGE: Adjacency to p1 (eth1) for level-2 changed from Initializing to Up, unspecified
2025/11/22 05:04:08 BGP: [M59KS-A3ZXZ] bgp_update_receive_eor: rcvd End-of-RIB for IPv6 Unicast from fc00:1:1::1 in vrf default
2025/11/22 05:04:08 BGP: [M59KS-A3ZXZ] bgp_update_receive_eor: rcvd End-of-RIB for IPv4 VPN from fc00:1:1::1 in vrf default
2025/11/22 05:04:08 BGP: [M59KS-A3ZXZ] bgp_update_receive_eor: rcvd End-of-RIB for IPv6 VPN from fc00:1:1::1 in vrf default
2025/11/22 08:43:38 PATH: [VTVCM-Y2NW3] Configuration Read in Took: 00:00:00
2025/11/22 08:43:38 PATH: [G6NKK-8C6DV] end_config: VTY:0x728c75ebf180, pending SET-CFG: 0
2025/11/22 08:43:38 OSPF6: [WF9PF-G40PR] Interface eth3 is down, can't execute [InterfaceUp]
2025/11/22 08:43:38 LDP: [VTVCM-Y2NW3] Configuration Read in Took: 00:00:00
2025/11/22 08:43:38 LDP: [G6NKK-8C6DV] end_config: VTY:0x796a5248a610, pending SET-CFG: 0
2025/11/22 08:43:38 OSPF6: [TGY3Y-TNWHZ] Higher order sequence number 1 read for blue process No error information
2025/11/22 08:43:38 ZEBRA: [YDG3W-JND95] FD Limit set: 1048576 is stupidly large.  Is this what you intended?  Consider using --limit-fds also limiting size to 100000
2025/11/22 08:43:38 OSPF: [YWPB2-VEAQY] ASBR[blue:Status:1]: Update
2025/11/22 08:43:38 STATIC: [VTVCM-Y2NW3] Configuration Read in Took: 00:00:00
2025/11/22 08:43:38 STATIC: [G6NKK-8C6DV] end_config: VTY:0x74066a9a70c0, pending SET-CFG: 0
2025/11/22 08:43:38 PATH: [NN4XW-E4M3V] IPv4 Router Id updated for VRF 0: 172.16.0.1
2025/11/22 08:43:38 OSPF: [VTVCM-Y2NW3] Configuration Read in Took: 00:00:00
2025/11/22 08:43:38 OSPF: [G6NKK-8C6DV] end_config: VTY:0x7ab3ce53c060, pending SET-CFG: 0
2025/11/22 08:43:38 ZEBRA: [V98V0-MTWPF] client 89 says hello and bids fair to announce only isis routes vrf=0
2025/11/22 08:43:38 ZEBRA: [TAFZ7-2C7QV] client protocol instance 1
2025/11/22 08:43:38 BGP: [M95PE-ZW8F6] VRF default(0): bgp_zebra_process_srv6_locator_internal, Received SRv6 locator loc01 fc00:0:1::/48, loc-block-len=24, loc-node-len=24 func-len=16, arg-len=0
2025/11/22 08:43:38 OSPF6: [H12G7-14H22] Higher order sequence number 1 update for blue process
2025/11/22 08:43:38 BGP: [VTVCM-Y2NW3] Configuration Read in Took: 00:00:00
2025/11/22 08:43:38 BGP: [G6NKK-8C6DV] end_config: VTY:0x7803513390b0, pending SET-CFG: 0
2025/11/22 08:43:38 ISIS: [VTVCM-Y2NW3] Configuration Read in Took: 00:00:00
2025/11/22 08:43:38 ISIS: [G6NKK-8C6DV] end_config: VTY:0x7d39944a61b0, pending SET-CFG: 0
2025/11/22 08:43:38 ISIS: [S89PV-K124N] isis_zebra_process_srv6_locator_internal: Received SRv6 locator loc01 fc00:0:1::/48, loc-block-len=24, loc-node-len=24 func-len=16, arg-len=0
2025/11/22 08:43:38 OSPF6: [V8P0C-HB5Z2] ASBR[blue:Status:1]: Update
2025/11/22 08:43:38 OSPF6: [VTVCM-Y2NW3] Configuration Read in Took: 00:00:00
2025/11/22 08:43:38 OSPF6: [G6NKK-8C6DV] end_config: VTY:0x7a1d82907050, pending SET-CFG: 0
2025/11/22 08:43:41 PATH: [NN4XW-E4M3V] IPv6 Router Id updated for VRF 0: 3fff:172:20:20:42:acff:fe14:1402
2025/11/22 08:46:12 LDP: [VTVCM-Y2NW3] Configuration Read in Took: 00:00:00
2025/11/22 08:46:12 LDP: [G6NKK-8C6DV] end_config: VTY:0x76f65eebb610, pending SET-CFG: 0
2025/11/22 08:46:13 OSPF: [YWPB2-VEAQY] ASBR[blue:Status:1]: Update
2025/11/22 08:46:13 OSPF: [VTVCM-Y2NW3] Configuration Read in Took: 00:00:00
2025/11/22 08:46:13 OSPF: [G6NKK-8C6DV] end_config: VTY:0x79bb19b14070, pending SET-CFG: 0
2025/11/22 08:46:13 PATH: [VTVCM-Y2NW3] Configuration Read in Took: 00:00:00
2025/11/22 08:46:13 PATH: [G6NKK-8C6DV] end_config: VTY:0x731cd952c190, pending SET-CFG: 0
2025/11/22 08:46:13 STATIC: [VTVCM-Y2NW3] Configuration Read in Took: 00:00:00
2025/11/22 08:46:13 STATIC: [G6NKK-8C6DV] end_config: VTY:0x7d6720bb50c0, pending SET-CFG: 0
2025/11/22 08:46:13 OSPF6: [HMZHE-DFDXY] Interface eth3 has no link local address, can't execute [InterfaceUp]
2025/11/22 08:46:13 OSPF6: [TGY3Y-TNWHZ] Higher order sequence number 0 read for blue process No such file or directory
2025/11/22 08:46:13 ZEBRA: [V98V0-MTWPF] client 87 says hello and bids fair to announce only isis routes vrf=0
2025/11/22 08:46:13 ZEBRA: [TAFZ7-2C7QV] client protocol instance 1
2025/11/22 08:46:13 BGP: [M95PE-ZW8F6] VRF default(0): bgp_zebra_process_srv6_locator_internal, Received SRv6 locator loc01 fc00:0:1::/48, loc-block-len=24, loc-node-len=24 func-len=16, arg-len=0
2025/11/22 08:46:13 PATH: [NN4XW-E4M3V] IPv4 Router Id updated for VRF 0: 10.0.0.0
2025/11/22 08:46:13 PATH: [NN4XW-E4M3V] IPv4 Router Id updated for VRF 0: 172.16.0.1
2025/11/22 08:46:13 PATH: [NN4XW-E4M3V] IPv6 Router Id updated for VRF 0: 1:2:1::
2025/11/22 08:46:13 PATH: [NN4XW-E4M3V] IPv6 Router Id updated for VRF 0: 5:1:1::
2025/11/22 08:46:13 PATH: [NN4XW-E4M3V] IPv6 Router Id updated for VRF 0: fc00:0:1::1
2025/11/22 08:46:13 ISIS: [TS11G-09SPQ][EC 100663301] zebra_interface_link_params_read: unknown ifindex 0, shouldn't happen
2025/11/22 08:46:13 ISIS: [S89PV-K124N] isis_zebra_process_srv6_locator_internal: Received SRv6 locator loc01 fc00:0:1::/48, loc-block-len=24, loc-node-len=24 func-len=16, arg-len=0
2025/11/22 08:46:13 ISIS: [W30AM-KK7ZK] isis_zebra_process_srv6_locator_internal: SRv6 Locator name unmatch :loc01
2025/11/22 08:46:13 ZEBRA: [VTVCM-Y2NW3] Configuration Read in Took: 00:00:00
2025/11/22 08:46:13 ZEBRA: [G6NKK-8C6DV] end_config: VTY:0x74586e231b20, pending SET-CFG: 0
2025/11/22 08:46:13 OSPF6: [H12G7-14H22] Higher order sequence number 0 update for blue process
2025/11/22 08:46:13 BGP: [VTVCM-Y2NW3] Configuration Read in Took: 00:00:00
2025/11/22 08:46:13 BGP: [G6NKK-8C6DV] end_config: VTY:0x7bcb5de580b0, pending SET-CFG: 0
2025/11/22 08:46:13 OSPF6: [RB0PM-VM0Y3] interface_up: Not scheduling Hello for lo10 as there is no area assigned yet
2025/11/22 08:46:13 OSPF6: [RB0PM-VM0Y3] interface_up: Not scheduling Hello for lo10 as there is no area assigned yet
2025/11/22 08:46:13 ISIS: [VTVCM-Y2NW3] Configuration Read in Took: 00:00:00
2025/11/22 08:46:13 ISIS: [G6NKK-8C6DV] end_config: VTY:0x761a4b7a41c0, pending SET-CFG: 0
2025/11/22 08:46:13 ISIS: [S89PV-K124N] isis_zebra_process_srv6_locator_internal: Received SRv6 locator loc01 fc00:0:1::/48, loc-block-len=24, loc-node-len=24 func-len=16, arg-len=0
2025/11/22 08:46:13 OSPF6: [V8P0C-HB5Z2] ASBR[blue:Status:1]: Update
2025/11/22 08:46:13 OSPF6: [VTVCM-Y2NW3] Configuration Read in Took: 00:00:00
2025/11/22 08:46:13 OSPF6: [G6NKK-8C6DV] end_config: VTY:0x7d84bf54f050, pending SET-CFG: 0
2025/11/22 08:46:13 ISIS: [Q7SVW-YVKRH] %ADJCHANGE: Adjacency to 0000.0000.0002 (eth2) for level-2 changed from Unknown to Initializing, unspecified
2025/11/22 08:46:13 ISIS: [Q7SVW-YVKRH] %ADJCHANGE: Adjacency to 0000.0000.0002 (eth2) for level-2 changed from Initializing to Up, unspecified
2025/11/22 08:46:13 ZEBRA: [HSYZM-HV7HF] Extended Error: Label >= configured maximum in platform_labels
2025/11/22 08:46:13 ZEBRA: [WVJCK-PPMGD][EC 4043309093] netlink-dp (NS 0) error: Invalid argument, type=RTM_NEWROUTE(24), seq=73, pid=3271655046
2025/11/22 08:46:13 ZEBRA: [RYJ61-Q2T1D][EC 4043309108] LSP Install Failure: in-label 15000
2025/11/22 08:46:13 ZEBRA: [HSYZM-HV7HF] Extended Error: Label >= configured maximum in platform_labels
2025/11/22 08:46:13 ZEBRA: [WVJCK-PPMGD][EC 4043309093] netlink-dp (NS 0) error: Invalid argument, type=RTM_NEWROUTE(24), seq=76, pid=3271655046
2025/11/22 08:46:13 ZEBRA: [RYJ61-Q2T1D][EC 4043309108] LSP Install Failure: in-label 15000
2025/11/22 08:46:13 ISIS: [Q7SVW-YVKRH] %ADJCHANGE: Adjacency to 0000.0001.0001 (eth1) for level-2 changed from Unknown to Initializing, unspecified
2025/11/22 08:46:13 ZEBRA: [HSYZM-HV7HF] Extended Error: Label >= configured maximum in platform_labels
2025/11/22 08:46:13 ZEBRA: [WVJCK-PPMGD][EC 4043309093] netlink-dp (NS 0) error: Invalid argument, type=RTM_NEWROUTE(24), seq=82, pid=3271655046
2025/11/22 08:46:13 ZEBRA: [RYJ61-Q2T1D][EC 4043309108] LSP Install Failure: in-label 15001
2025/11/22 08:46:13 ISIS: [Q7SVW-YVKRH] %ADJCHANGE: Adjacency to 0000.0001.0001 (eth1) for level-2 changed from Initializing to Up, unspecified
2025/11/22 08:46:13 OSPF6: [RB0PM-VM0Y3] interface_up: Not scheduling Hello for eth3 as there is no area assigned yet
2025/11/22 08:46:13 ZEBRA: [HSYZM-HV7HF] Extended Error: Label >= configured maximum in platform_labels
2025/11/22 08:46:13 ZEBRA: [WVJCK-PPMGD][EC 4043309093] netlink-dp (NS 0) error: Invalid argument, type=RTM_NEWROUTE(24), seq=85, pid=3271655046
2025/11/22 08:46:13 ZEBRA: [HSYZM-HV7HF] Extended Error: Label >= configured maximum in platform_labels
2025/11/22 08:46:13 ZEBRA: [WVJCK-PPMGD][EC 4043309093] netlink-dp (NS 0) error: Invalid argument, type=RTM_NEWROUTE(24), seq=86, pid=3271655046
2025/11/22 08:46:13 ZEBRA: [RYJ61-Q2T1D][EC 4043309108] LSP Install Failure: in-label 15001
2025/11/22 08:46:13 ZEBRA: [RYJ61-Q2T1D][EC 4043309108] LSP Install Failure: in-label 15000
2025/11/22 08:46:14 OSPF6: [GZ318-0J443] Zebra: got delete of lo10, but interface is still up
2025/11/22 08:46:14 ZEBRA: [HSYZM-HV7HF] Extended Error: Label >= configured maximum in platform_labels
2025/11/22 08:46:14 ZEBRA: [WVJCK-PPMGD][EC 4043309093] netlink-dp (NS 0) error: Invalid argument, type=RTM_NEWROUTE(24), seq=108, pid=3271655046
2025/11/22 08:46:14 ZEBRA: [HSYZM-HV7HF] Extended Error: Label >= configured maximum in platform_labels
2025/11/22 08:46:14 ZEBRA: [WVJCK-PPMGD][EC 4043309093] netlink-dp (NS 0) error: Invalid argument, type=RTM_NEWROUTE(24), seq=109, pid=3271655046
2025/11/22 08:46:14 ZEBRA: [RYJ61-Q2T1D][EC 4043309108] LSP Install Failure: in-label 15001
2025/11/22 08:46:14 ZEBRA: [RYJ61-Q2T1D][EC 4043309108] LSP Install Failure: in-label 15000
2025/11/22 08:46:14 OSPF6: [RB0PM-VM0Y3] interface_up: Not scheduling Hello for eth3 as there is no area assigned yet
2025/11/22 08:46:14 PATH: [NN4XW-E4M3V] IPv6 Router Id updated for VRF 0: fc00:a:1:1::1
2025/11/22 08:46:14 OSPF6: [GZ318-0J443] Zebra: got delete of lo20, but interface is still up
2025/11/22 08:46:14 ZEBRA: [HSYZM-HV7HF] Extended Error: Label >= configured maximum in platform_labels
2025/11/22 08:46:14 ZEBRA: [WVJCK-PPMGD][EC 4043309093] netlink-dp (NS 0) error: Invalid argument, type=RTM_NEWROUTE(24), seq=134, pid=3271655046
2025/11/22 08:46:14 ZEBRA: [HSYZM-HV7HF] Extended Error: Label >= configured maximum in platform_labels
2025/11/22 08:46:14 ZEBRA: [WVJCK-PPMGD][EC 4043309093] netlink-dp (NS 0) error: Invalid argument, type=RTM_NEWROUTE(24), seq=135, pid=3271655046
2025/11/22 08:46:14 ZEBRA: [RYJ61-Q2T1D][EC 4043309108] LSP Install Failure: in-label 15001
2025/11/22 08:46:14 ZEBRA: [RYJ61-Q2T1D][EC 4043309108] LSP Install Failure: in-label 15000
2025/11/22 08:46:14 PATH: [NN4XW-E4M3V] IPv6 Router Id updated for VRF 0: fc00:0:1::1
2025/11/22 08:46:14 OSPF6: [GZ318-0J443] Zebra: got delete of eth3, but interface is still up
2025/11/22 08:46:14 OSPF6: [QDEV2-4Y01P] sendmsg failed: source: fe80::a8c1:abff:fe30:2fc4 Dest: ff02::5 ifindex: 64: Invalid argument (22)
2025/11/22 08:46:14 OSPF6: [YRWJS-7QHSG][EC 100663307] Could not send entire message
2025/11/22 08:46:15 ZEBRA: [HSYZM-HV7HF] Extended Error: Label >= configured maximum in platform_labels
2025/11/22 08:46:15 ZEBRA: [WVJCK-PPMGD][EC 4043309093] netlink-dp (NS 0) error: Invalid argument, type=RTM_NEWROUTE(24), seq=153, pid=3271655046
2025/11/22 08:46:15 ZEBRA: [HSYZM-HV7HF] Extended Error: Label >= configured maximum in platform_labels
2025/11/22 08:46:15 ZEBRA: [WVJCK-PPMGD][EC 4043309093] netlink-dp (NS 0) error: Invalid argument, type=RTM_NEWROUTE(24), seq=154, pid=3271655046
2025/11/22 08:46:15 ZEBRA: [RYJ61-Q2T1D][EC 4043309108] LSP Install Failure: in-label 15001
2025/11/22 08:46:15 ZEBRA: [RYJ61-Q2T1D][EC 4043309108] LSP Install Failure: in-label 15000
2025/11/22 08:46:24 OSPF6: [GHN28-AMRE7] AdjChg: Nbr 1.0.0.0(blue) on 1.0.0.0%eth3: Down -> Init (HelloReceived)
2025/11/22 08:46:24 OSPF6: [GHN28-AMRE7] AdjChg: Nbr 1.0.0.0(blue) on 1.0.0.0%eth3: Init -> ExStart (2-WayReceived)
2025/11/22 08:46:24 OSPF: [Y05P2-YJVXY] AdjChg: Nbr 1.0.0.0, NbrIP 10.0.0.1 (blue) on eth3:10.0.0.0: Down -> Init (HelloReceived)
2025/11/22 08:46:24 OSPF: [Y05P2-YJVXY] AdjChg: Nbr 1.0.0.0, NbrIP 10.0.0.1 (blue) on eth3:10.0.0.0: Init -> ExStart (2-WayReceived)
2025/11/22 08:46:24 OSPF: [K9Q2W-82MY9] blue: Initializing [DD]: 1.0.0.0 with seqnum:5ec937b1 , flags:7
2025/11/22 08:46:24 OSPF: [YPCA4-JHA8Q] blue:Packet[DD]: 1.0.0.0 DB Desc send with seqnum:5ec937b1 , flags:7
2025/11/22 08:46:24 OSPF6: [GHN28-AMRE7] AdjChg: Nbr 1.0.0.0(blue) on 1.0.0.0%eth3: ExStart -> ExChange (NegotiationDone)
2025/11/22 08:46:24 OSPF: [SXPB9-WR7E3] blue:Packet[DD]: Neighbor 1.0.0.0 state is ExStart, seq_num:0x7938ba25, local:0x5ec937b1
2025/11/22 08:46:24 OSPF: [MJPRP-6G4WM] Packet[DD]: Neighbor 1.0.0.0: Initial DBD from Slave, ignoring.
2025/11/22 08:46:24 OSPF: [SXPB9-WR7E3] blue:Packet[DD]: Neighbor 1.0.0.0 state is ExStart, seq_num:0x5ec937b1, local:0x5ec937b1
2025/11/22 08:46:24 OSPF: [S5PCG-77H23] Packet[DD]: Neighbor 1.0.0.0 Negotiation done (Master).
2025/11/22 08:46:24 OSPF: [Y05P2-YJVXY] AdjChg: Nbr 1.0.0.0, NbrIP 10.0.0.1 (blue) on eth3:10.0.0.0: ExStart -> Exchange (NegotiationDone)
2025/11/22 08:46:24 OSPF: [YPCA4-JHA8Q] blue:Packet[DD]: 1.0.0.0 DB Desc send with seqnum:5ec937b2 , flags:1
2025/11/22 08:46:24 OSPF: [SXPB9-WR7E3] blue:Packet[DD]: Neighbor 1.0.0.0 state is Exchange, seq_num:0x5ec937b2, local:0x5ec937b2
2025/11/22 08:46:24 OSPF: [Y05P2-YJVXY] AdjChg: Nbr 1.0.0.0, NbrIP 10.0.0.1 (blue) on eth3:10.0.0.0: Exchange -> Full (ExchangeDone)
2025/11/22 08:46:24 OSPF: [S3578-FNEB0] nsm_change_state:[1.0.0.0:blue], Exchange -> Full): scheduling new router-LSA origination
2025/11/22 08:46:24 OSPF6: [GHN28-AMRE7] AdjChg: Nbr 1.0.0.0(blue) on 1.0.0.0%eth3: ExChange -> Full (ExchangeDone)
2025/11/22 08:46:45 BGP: [P3GYW-PBKQG][EC 33554466] fc00:1:2::1 [FSM] unexpected packet received in state OpenSent
2025/11/22 08:46:45 BGP: [M59KS-A3ZXZ] bgp_update_receive_eor: rcvd End-of-RIB for IPv6 Unicast from fc00:1:1::1 in vrf default
2025/11/22 08:46:45 BGP: [M59KS-A3ZXZ] bgp_update_receive_eor: rcvd End-of-RIB for IPv4 VPN from fc00:1:1::1 in vrf default
2025/11/22 08:46:45 BGP: [M59KS-A3ZXZ] bgp_update_receive_eor: rcvd End-of-RIB for IPv6 VPN from fc00:1:1::1 in vrf default
2025/11/22 08:46:45 BGP: [M59KS-A3ZXZ] bgp_update_receive_eor: rcvd End-of-RIB for IPv6 Unicast from fc00:1:2::1 in vrf default
2025/11/22 08:46:45 BGP: [M59KS-A3ZXZ] bgp_update_receive_eor: rcvd End-of-RIB for IPv4 VPN from fc00:1:2::1 in vrf default
2025/11/22 08:46:45 BGP: [M59KS-A3ZXZ] bgp_update_receive_eor: rcvd End-of-RIB for IPv6 VPN from fc00:1:2::1 in vrf default
2025/11/22 09:12:11 BGP: [MVZKX-EG443][EC 33554452] bgp_process_packet: BGP OPEN receipt failed for peer: fc00:1:1::1
2025/11/22 09:12:12 BGP: [M59KS-A3ZXZ] bgp_update_receive_eor: rcvd End-of-RIB for IPv6 Unicast from fc00:1:1::1 in vrf default
2025/11/22 09:12:12 BGP: [M59KS-A3ZXZ] bgp_update_receive_eor: rcvd End-of-RIB for IPv4 VPN from fc00:1:1::1 in vrf default
2025/11/22 09:12:12 BGP: [M59KS-A3ZXZ] bgp_update_receive_eor: rcvd End-of-RIB for IPv6 VPN from fc00:1:1::1 in vrf default
2025/11/22 09:12:23 BGP: [M59KS-A3ZXZ] bgp_update_receive_eor: rcvd End-of-RIB for IPv6 Unicast from fc00:1:2::1 in vrf default
2025/11/22 09:12:23 BGP: [M59KS-A3ZXZ] bgp_update_receive_eor: rcvd End-of-RIB for IPv4 VPN from fc00:1:2::1 in vrf default
2025/11/22 09:12:23 BGP: [M59KS-A3ZXZ] bgp_update_receive_eor: rcvd End-of-RIB for IPv6 VPN from fc00:1:2::1 in vrf default
2025/11/22 09:13:01 BGP: [M59KS-A3ZXZ] bgp_update_receive_eor: rcvd End-of-RIB for IPv6 Unicast from fc00:1:2::1 in vrf default
2025/11/22 09:13:01 BGP: [M59KS-A3ZXZ] bgp_update_receive_eor: rcvd End-of-RIB for IPv4 VPN from fc00:1:2::1 in vrf default
2025/11/22 09:13:01 BGP: [M59KS-A3ZXZ] bgp_update_receive_eor: rcvd End-of-RIB for IPv6 VPN from fc00:1:2::1 in vrf default
