2025/11/22 01:32:25 OSPF: [VTVCM-Y2NW3] Configuration Read in Took: 00:00:00
2025/11/22 01:32:25 OSPF: [G6NKK-8C6DV] end_config: VTY:0x727e326b3060, pending SET-CFG: 0
2025/11/22 01:32:25 ISIS: [VTVCM-Y2NW3] Configuration Read in Took: 00:00:00
2025/11/22 01:32:25 ISIS: [G6NKK-8C6DV] end_config: VTY:0x78fe24c5e1b0, pending SET-CFG: 0
2025/11/22 01:32:25 LDP: [VTVCM-Y2NW3] Configuration Read in Took: 00:00:00
2025/11/22 01:32:25 LDP: [G6NKK-8C6DV] end_config: VTY:0x79e641d11610, pending SET-CFG: 0
2025/11/22 01:32:25 BGP: [VTVCM-Y2NW3] Configuration Read in Took: 00:00:00
2025/11/22 01:32:25 BGP: [G6NKK-8C6DV] end_config: VTY:0x7ab4b633a0b0, pending SET-CFG: 0
2025/11/22 01:32:25 PATH: [VTVCM-Y2NW3] Configuration Read in Took: 00:00:00
2025/11/22 01:32:25 PATH: [G6NKK-8C6DV] end_config: VTY:0x704ad8ae6190, pending SET-CFG: 0
2025/11/22 01:32:25 OSPF6: [VTVCM-Y2NW3] Configuration Read in Took: 00:00:00
2025/11/22 01:32:25 OSPF6: [G6NKK-8C6DV] end_config: VTY:0x7f806688f050, pending SET-CFG: 0
2025/11/22 01:32:27 OSPF6: [GZ318-0J443] Zebra: got delete of lo10, but interface is still up
2025/11/22 01:32:27 OSPF6: [GZ318-0J443] Zebra: got delete of lo20, but interface is still up
2025/11/22 01:32:27 OSPF6: [GZ318-0J443] Zebra: got delete of eth3, but interface is still up
2025/11/22 01:43:05 ISIS: [VTVCM-Y2NW3] Configuration Read in Took: 00:00:00
2025/11/22 01:43:05 ISIS: [G6NKK-8C6DV] end_config: VTY:0x75874c66e1b0, pending SET-CFG: 0
2025/11/22 01:43:05 OSPF: [VTVCM-Y2NW3] Configuration Read in Took: 00:00:00
2025/11/22 01:43:05 OSPF: [G6NKK-8C6DV] end_config: VTY:0x781562a94060, pending SET-CFG: 0
2025/11/22 01:43:05 PATH: [VTVCM-Y2NW3] Configuration Read in Took: 00:00:00
2025/11/22 01:43:05 PATH: [G6NKK-8C6DV] end_config: VTY:0x7122750aa180, pending SET-CFG: 0
2025/11/22 01:43:05 LDP: [VTVCM-Y2NW3] Configuration Read in Took: 00:00:00
2025/11/22 01:43:05 LDP: [G6NKK-8C6DV] end_config: VTY:0x70f309567610, pending SET-CFG: 0
2025/11/22 01:43:05 OSPF6: [VTVCM-Y2NW3] Configuration Read in Took: 00:00:00
2025/11/22 01:43:05 OSPF6: [G6NKK-8C6DV] end_config: VTY:0x72d783e00050, pending SET-CFG: 0
2025/11/22 01:43:05 BGP: [VTVCM-Y2NW3] Configuration Read in Took: 00:00:00
2025/11/22 01:43:05 BGP: [G6NKK-8C6DV] end_config: VTY:0x7bcb4e06f0b0, pending SET-CFG: 0
2025/11/22 01:43:05 ZEBRA: [YDG3W-JND95] FD Limit set: 1048576 is stupidly large.  Is this what you intended?  Consider using --limit-fds also limiting size to 100000
2025/11/22 01:43:05 ZEBRA: [V98V0-MTWPF] client 84 says hello and bids fair to announce only bgp routes vrf=0
2025/11/22 01:44:23 OSPF6: [VTVCM-Y2NW3] Configuration Read in Took: 00:00:00
2025/11/22 01:44:23 OSPF6: [G6NKK-8C6DV] end_config: VTY:0x7f340210f050, pending SET-CFG: 0
2025/11/22 01:44:23 LDP: [VTVCM-Y2NW3] Configuration Read in Took: 00:00:00
2025/11/22 01:44:23 LDP: [G6NKK-8C6DV] end_config: VTY:0x772aff844610, pending SET-CFG: 0
2025/11/22 01:44:23 OSPF: [VTVCM-Y2NW3] Configuration Read in Took: 00:00:00
2025/11/22 01:44:23 OSPF: [G6NKK-8C6DV] end_config: VTY:0x773f294ed070, pending SET-CFG: 0
2025/11/22 01:44:23 ISIS: [VTVCM-Y2NW3] Configuration Read in Took: 00:00:00
2025/11/22 01:44:23 ISIS: [G6NKK-8C6DV] end_config: VTY:0x7e88f59531b0, pending SET-CFG: 0
2025/11/22 01:44:23 BGP: [VTVCM-Y2NW3] Configuration Read in Took: 00:00:00
2025/11/22 01:44:23 BGP: [G6NKK-8C6DV] end_config: VTY:0x7c039f5c30b0, pending SET-CFG: 0
2025/11/22 01:44:23 STATIC: [VTVCM-Y2NW3] Configuration Read in Took: 00:00:00
2025/11/22 01:44:23 STATIC: [G6NKK-8C6DV] end_config: VTY:0x7007c3f590c0, pending SET-CFG: 0
2025/11/22 01:44:23 PATH: [VTVCM-Y2NW3] Configuration Read in Took: 00:00:00
2025/11/22 01:44:23 PATH: [G6NKK-8C6DV] end_config: VTY:0x7f9f5ef04190, pending SET-CFG: 0
2025/11/22 01:44:23 ZEBRA: [YDG3W-JND95] FD Limit set: 1048576 is stupidly large.  Is this what you intended?  Consider using --limit-fds also limiting size to 100000
2025/11/22 01:44:23 ZEBRA: [V98V0-MTWPF] client 84 says hello and bids fair to announce only bgp routes vrf=0
2025/11/22 01:44:24 OSPF6: [GZ318-0J443] Zebra: got delete of lo10, but interface is still up
2025/11/22 01:44:24 OSPF6: [GZ318-0J443] Zebra: got delete of lo20, but interface is still up
2025/11/22 01:44:24 OSPF6: [GZ318-0J443] Zebra: got delete of eth3, but interface is still up
2025/11/22 01:51:25 ZEBRA: [VQK5M-9G0V1][EC 100663315] CPU starvation: {(event *)0x7ffd2078a0d8 arg=0x745c3c32e910 ready               wheel_timer_thread() &wheel->timer from lib/wheel.c:50} getting executed 4166ms late, warning threshold 4000ms. System load: 0.20, 0.31, 0.24
2025/11/22 01:55:52 ZEBRA: [VQK5M-9G0V1][EC 100663315] CPU starvation: {(event *)0x7ffd2078a0d8 arg=0x745c3c32e910 ready               wheel_timer_thread() &wheel->timer from lib/wheel.c:50} getting executed 4032ms late, warning threshold 4000ms. System load: 0.10, 0.15, 0.18
2025/11/22 02:04:26 PATH: [NN4XW-E4M3V] IPv6 Router Id updated for VRF 0: fc00:0:2::1
2025/11/22 02:04:26 ISIS: [S89PV-K124N] isis_zebra_process_srv6_locator_internal: Received SRv6 locator loc01 fc00:0:2::/48, loc-block-len=24, loc-node-len=24 func-len=16, arg-len=0
2025/11/22 02:04:26 ISIS: [Q7SVW-YVKRH] %ADJCHANGE: Adjacency to 0000.0000.0001 (eth2) for level-2 changed from Unknown to Initializing, unspecified
2025/11/22 02:04:26 ISIS: [Q7SVW-YVKRH] %ADJCHANGE: Adjacency to 0000.0000.0001 (eth2) for level-2 changed from Initializing to Up, unspecified
2025/11/22 02:06:05 ISIS: [M7QDW-48DP2] isis_recv_pdu_bcast: ifname eth1, fd 20, bytesread -1, recvfrom(): Network is down
2025/11/22 02:06:05 ISIS: [P42KE-G0CDM] packet is received on multiple interfaces: socket interface 0, circuit interface 50, packet type 0
2025/11/22 02:06:05 ISIS: [PT8ND-1Y17N] isis_recv_pdu_bcast: recvfrom() failed
2025/11/22 02:06:05 ISIS: [TBBSQ-HBJMF] IS-IS pfpacket: could not transmit packet on eth1: No such device or address
2025/11/22 02:06:05 ISIS: [G7ZA5-AT06A][EC 67108865] ISIS-Adj (core): Send L2 IIH on eth1 failed
2025/11/22 02:06:05 ISIS: [M7QDW-48DP2] isis_recv_pdu_bcast: ifname eth2, fd 21, bytesread -1, recvfrom(): Network is down
2025/11/22 02:06:05 ISIS: [P42KE-G0CDM] packet is received on multiple interfaces: socket interface 0, circuit interface 48, packet type 0
2025/11/22 02:06:05 ISIS: [PT8ND-1Y17N] isis_recv_pdu_bcast: recvfrom() failed
2025/11/22 02:06:05 ISIS: [Q7SVW-YVKRH] %ADJCHANGE: Adjacency to pe1 (eth2) for level-2 changed from Up to Down, circuit is being brought down
2025/11/22 02:06:05 ISIS: [TBBSQ-HBJMF] IS-IS pfpacket: could not transmit packet on eth2: No such device or address
2025/11/22 02:06:05 ISIS: [G7ZA5-AT06A][EC 67108865] ISIS-Adj (core): Send L2 IIH on eth2 failed
2025/11/22 02:06:05 ZEBRA: [SWQK6-6JY63][EC 4043309074] 0:254:fc00:0:1::1/128: Failed to enqueue dataplane install
2025/11/22 02:06:05 ZEBRA: [SWQK6-6JY63][EC 4043309074] 0:254:fc00:0:1::/48: Failed to enqueue dataplane install
2025/11/22 02:06:05 ZEBRA: [SWQK6-6JY63][EC 4043309074] 0:254:fc00:0:2:1::/128: Failed to enqueue dataplane install
2025/11/22 02:06:57 OSPF6: [VTVCM-Y2NW3] Configuration Read in Took: 00:00:00
2025/11/22 02:06:57 OSPF6: [G6NKK-8C6DV] end_config: VTY:0x718eb35bd050, pending SET-CFG: 0
2025/11/22 02:06:57 LDP: [VTVCM-Y2NW3] Configuration Read in Took: 00:00:00
2025/11/22 02:06:57 LDP: [G6NKK-8C6DV] end_config: VTY:0x7b688bc37610, pending SET-CFG: 0
2025/11/22 02:06:57 BGP: [VTVCM-Y2NW3] Configuration Read in Took: 00:00:00
2025/11/22 02:06:57 BGP: [G6NKK-8C6DV] end_config: VTY:0x760f38d910b0, pending SET-CFG: 0
2025/11/22 02:06:57 ISIS: [VTVCM-Y2NW3] Configuration Read in Took: 00:00:00
2025/11/22 02:06:57 ISIS: [G6NKK-8C6DV] end_config: VTY:0x7566bbcf61c0, pending SET-CFG: 0
2025/11/22 02:06:57 PATH: [VTVCM-Y2NW3] Configuration Read in Took: 00:00:00
2025/11/22 02:06:57 PATH: [G6NKK-8C6DV] end_config: VTY:0x722305ecf190, pending SET-CFG: 0
2025/11/22 02:06:57 OSPF: [VTVCM-Y2NW3] Configuration Read in Took: 00:00:00
2025/11/22 02:06:57 OSPF: [G6NKK-8C6DV] end_config: VTY:0x798a6c200070, pending SET-CFG: 0
2025/11/22 02:06:57 ZEBRA: [VTVCM-Y2NW3] Configuration Read in Took: 00:00:00
2025/11/22 02:06:57 ZEBRA: [G6NKK-8C6DV] end_config: VTY:0x7a5ae6c2f6b0, pending SET-CFG: 0
2025/11/22 02:06:57 ZEBRA: [YDG3W-JND95] FD Limit set: 1048576 is stupidly large.  Is this what you intended?  Consider using --limit-fds also limiting size to 100000
2025/11/22 02:06:57 ZEBRA: [V98V0-MTWPF] client 84 says hello and bids fair to announce only bgp routes vrf=0
2025/11/22 02:06:58 OSPF6: [GZ318-0J443] Zebra: got delete of lo10, but interface is still up
2025/11/22 02:06:58 OSPF6: [GZ318-0J443] Zebra: got delete of lo20, but interface is still up
2025/11/22 02:06:58 OSPF6: [GZ318-0J443] Zebra: got delete of eth3, but interface is still up
2025/11/22 02:09:11 OSPF6: [VTVCM-Y2NW3] Configuration Read in Took: 00:00:00
2025/11/22 02:09:11 OSPF6: [G6NKK-8C6DV] end_config: VTY:0x7e7102844050, pending SET-CFG: 0
2025/11/22 02:09:11 LDP: [VTVCM-Y2NW3] Configuration Read in Took: 00:00:00
2025/11/22 02:09:11 LDP: [G6NKK-8C6DV] end_config: VTY:0x7f15b18c6610, pending SET-CFG: 0
2025/11/22 02:09:11 OSPF: [VTVCM-Y2NW3] Configuration Read in Took: 00:00:00
2025/11/22 02:09:11 OSPF: [G6NKK-8C6DV] end_config: VTY:0x765af316c070, pending SET-CFG: 0
2025/11/22 02:09:11 BGP: [VTVCM-Y2NW3] Configuration Read in Took: 00:00:00
2025/11/22 02:09:11 BGP: [G6NKK-8C6DV] end_config: VTY:0x7a85d26200b0, pending SET-CFG: 0
2025/11/22 02:09:11 ISIS: [VTVCM-Y2NW3] Configuration Read in Took: 00:00:00
2025/11/22 02:09:11 ISIS: [G6NKK-8C6DV] end_config: VTY:0x7375503be1c0, pending SET-CFG: 0
2025/11/22 02:09:11 PATH: [VTVCM-Y2NW3] Configuration Read in Took: 00:00:00
2025/11/22 02:09:11 PATH: [G6NKK-8C6DV] end_config: VTY:0x74f361aa8190, pending SET-CFG: 0
2025/11/22 02:09:11 OSPF6: [GZ318-0J443] Zebra: got delete of lo10, but interface is still up
2025/11/22 02:09:11 OSPF6: [GZ318-0J443] Zebra: got delete of lo20, but interface is still up
2025/11/22 02:09:11 OSPF6: [GZ318-0J443] Zebra: got delete of eth3, but interface is still up
2025/11/22 02:09:12 ZEBRA: [YDG3W-JND95] FD Limit set: 1048576 is stupidly large.  Is this what you intended?  Consider using --limit-fds also limiting size to 100000
2025/11/22 02:09:12 ZEBRA: [V98V0-MTWPF] client 84 says hello and bids fair to announce only bgp routes vrf=0
2025/11/22 02:11:29 ZEBRA: [VQK5M-9G0V1][EC 100663315] CPU starvation: {(event *)0x7ffd167dcbe8 arg=0x71a6ec095910 ready               wheel_timer_thread() &wheel->timer from lib/wheel.c:50} getting executed 4688ms late, warning threshold 4000ms. System load: 0.26, 0.59, 0.38
2025/11/22 02:14:29 ZEBRA: [VQK5M-9G0V1][EC 100663315] CPU starvation: {(event *)0x7ffd167dcbe8 arg=0x71a6ec095910 ready               wheel_timer_thread() &wheel->timer from lib/wheel.c:50} getting executed 4805ms late, warning threshold 4000ms. System load: 0.10, 0.38, 0.33
2025/11/22 02:14:50 PATH: [NN4XW-E4M3V] IPv6 Router Id updated for VRF 0: fc00:0:2::1
2025/11/22 02:14:50 ISIS: [S89PV-K124N] isis_zebra_process_srv6_locator_internal: Received SRv6 locator loc01 fc00:0:2::/48, loc-block-len=24, loc-node-len=24 func-len=16, arg-len=0
2025/11/22 02:15:35 ISIS: [KHSXQ-SY66H] lan hello on non broadcast circuit
2025/11/22 02:15:35 ISIS: [VAS9N-1JNNR] PDU drop detected of type:  L2 IIH. 1 Total Drops; 0 L1 IIH drops;  1 L2 IIH drops; 0 P2P IIH drops; 0 L1 LSP drops; 0 L2 LSP drops; 0 FS LSP drops; 0 L1 CSNP drops; 0 L2 CSNP drops; 0 L1 PSNP drops; 0 L2 PSNP drops.
2025/11/22 02:15:38 ISIS: [KHSXQ-SY66H] lan hello on non broadcast circuit
2025/11/22 02:15:38 ISIS: [VAS9N-1JNNR] PDU drop detected of type:  L2 IIH. 2 Total Drops; 0 L1 IIH drops;  2 L2 IIH drops; 0 P2P IIH drops; 0 L1 LSP drops; 0 L2 LSP drops; 0 FS LSP drops; 0 L1 CSNP drops; 0 L2 CSNP drops; 0 L1 PSNP drops; 0 L2 PSNP drops.
2025/11/22 02:15:40 ISIS: [KHSXQ-SY66H] lan hello on non broadcast circuit
2025/11/22 02:15:40 ISIS: [VAS9N-1JNNR] PDU drop detected of type:  L2 IIH. 3 Total Drops; 0 L1 IIH drops;  3 L2 IIH drops; 0 P2P IIH drops; 0 L1 LSP drops; 0 L2 LSP drops; 0 FS LSP drops; 0 L1 CSNP drops; 0 L2 CSNP drops; 0 L1 PSNP drops; 0 L2 PSNP drops.
2025/11/22 02:15:40 ISIS: [Q7SVW-YVKRH] %ADJCHANGE: Adjacency to 0000.0000.0001 (eth2) for level-2 changed from Unknown to Initializing, unspecified
2025/11/22 02:15:40 ISIS: [Q7SVW-YVKRH] %ADJCHANGE: Adjacency to 0000.0000.0001 (eth2) for level-2 changed from Initializing to Up, unspecified
2025/11/22 02:17:24 ZEBRA: [VQK5M-9G0V1][EC 100663315] CPU starvation: {(event *)0x7ffd167dcbe8 arg=0x71a6ec095910 ready               wheel_timer_thread() &wheel->timer from lib/wheel.c:50} getting executed 5718ms late, warning threshold 4000ms. System load: 0.07, 0.23, 0.28
2025/11/22 02:19:24 ISIS: [Q7SVW-YVKRH] %ADJCHANGE: Adjacency to p2 (eth1) for level-2 changed from Unknown to Initializing, unspecified
2025/11/22 02:19:24 ISIS: [Q7SVW-YVKRH] %ADJCHANGE: Adjacency to p2 (eth1) for level-2 changed from Initializing to Up, unspecified
2025/11/22 02:26:09 PATH: [NN4XW-E4M3V] IPv4 Router Id updated for VRF 0: 172.16.0.2
2025/11/22 02:31:48 BGP: [M95PE-ZW8F6] VRF default(0): bgp_zebra_process_srv6_locator_internal, Received SRv6 locator loc01 fc00:0:2::/48, loc-block-len=24, loc-node-len=24 func-len=16, arg-len=0
2025/11/22 02:33:26 BGP: [M59KS-A3ZXZ] bgp_update_receive_eor: rcvd End-of-RIB for IPv4 VPN from fc00:1:1::1 in vrf default
2025/11/22 02:33:26 BGP: [M59KS-A3ZXZ] bgp_update_receive_eor: rcvd End-of-RIB for IPv6 Unicast from fc00:1:1::1 in vrf default
2025/11/22 02:33:26 BGP: [M59KS-A3ZXZ] bgp_update_receive_eor: rcvd End-of-RIB for IPv6 VPN from fc00:1:1::1 in vrf default
2025/11/22 02:37:51 BGP: [MVZKX-EG443][EC 33554452] bgp_process_packet: BGP OPEN receipt failed for peer: fc00:1:1::1
2025/11/22 02:37:52 BGP: [M59KS-A3ZXZ] bgp_update_receive_eor: rcvd End-of-RIB for IPv4 VPN from fc00:1:1::1 in vrf default
2025/11/22 02:37:52 BGP: [M59KS-A3ZXZ] bgp_update_receive_eor: rcvd End-of-RIB for IPv6 Unicast from fc00:1:1::1 in vrf default
2025/11/22 02:37:52 BGP: [M59KS-A3ZXZ] bgp_update_receive_eor: rcvd End-of-RIB for IPv6 VPN from fc00:1:1::1 in vrf default
2025/11/22 02:38:06 BGP: [M59KS-A3ZXZ] bgp_update_receive_eor: rcvd End-of-RIB for IPv4 VPN from fc00:1:1::1 in vrf default
2025/11/22 02:38:06 BGP: [M59KS-A3ZXZ] bgp_update_receive_eor: rcvd End-of-RIB for IPv6 Unicast from fc00:1:1::1 in vrf default
2025/11/22 02:38:06 BGP: [M59KS-A3ZXZ] bgp_update_receive_eor: rcvd End-of-RIB for IPv6 VPN from fc00:1:1::1 in vrf default
2025/11/22 02:38:17 BGP: [M59KS-A3ZXZ] bgp_update_receive_eor: rcvd End-of-RIB for IPv4 VPN from fc00:1:1::1 in vrf default
2025/11/22 02:38:17 BGP: [M59KS-A3ZXZ] bgp_update_receive_eor: rcvd End-of-RIB for IPv6 Unicast from fc00:1:1::1 in vrf default
2025/11/22 02:38:17 BGP: [M59KS-A3ZXZ] bgp_update_receive_eor: rcvd End-of-RIB for IPv6 VPN from fc00:1:1::1 in vrf default
2025/11/22 02:40:03 BGP: [M59KS-A3ZXZ] bgp_update_receive_eor: rcvd End-of-RIB for IPv4 VPN from fc00:1:1::1 in vrf default
2025/11/22 02:40:03 BGP: [M59KS-A3ZXZ] bgp_update_receive_eor: rcvd End-of-RIB for IPv6 Unicast from fc00:1:1::1 in vrf default
2025/11/22 02:40:03 BGP: [M59KS-A3ZXZ] bgp_update_receive_eor: rcvd End-of-RIB for IPv6 VPN from fc00:1:1::1 in vrf default
2025/11/22 02:40:36 BGP: [M59KS-A3ZXZ] bgp_update_receive_eor: rcvd End-of-RIB for IPv4 VPN from fc00:1:2::1 in vrf default
2025/11/22 02:40:36 BGP: [M59KS-A3ZXZ] bgp_update_receive_eor: rcvd End-of-RIB for IPv6 Unicast from fc00:1:2::1 in vrf default
2025/11/22 02:40:36 BGP: [M59KS-A3ZXZ] bgp_update_receive_eor: rcvd End-of-RIB for IPv6 VPN from fc00:1:2::1 in vrf default
2025/11/22 03:36:53 ISIS: [Q7SVW-YVKRH] %ADJCHANGE: Adjacency to p2 (eth1) for level-2 changed from Up to Down, circuit is being brought down
2025/11/22 03:36:53 ISIS: [TBBSQ-HBJMF] IS-IS pfpacket: could not transmit packet on eth1: Network is down
2025/11/22 03:36:53 ISIS: [G7ZA5-AT06A][EC 67108865] ISIS-Adj (core): Send L2 IIH on eth1 failed
2025/11/22 03:36:53 ISIS: [M7QDW-48DP2] isis_recv_pdu_bcast: ifname eth2, fd 21, bytesread -1, recvfrom(): Network is down
2025/11/22 03:36:53 ISIS: [P42KE-G0CDM] packet is received on multiple interfaces: socket interface 0, circuit interface 145, packet type 0
2025/11/22 03:36:53 ISIS: [PT8ND-1Y17N] isis_recv_pdu_bcast: recvfrom() failed
2025/11/22 03:36:53 ISIS: [Q7SVW-YVKRH] %ADJCHANGE: Adjacency to pe1 (eth2) for level-2 changed from Up to Down, circuit is being brought down
2025/11/22 03:36:53 ISIS: [TBBSQ-HBJMF] IS-IS pfpacket: could not transmit packet on eth2: No such device or address
2025/11/22 03:36:53 ISIS: [G7ZA5-AT06A][EC 67108865] ISIS-Adj (core): Send L2 IIH on eth2 failed
2025/11/22 03:36:53 ZEBRA: [HSYZM-HV7HF] Extended Error: Nexthop id does not exist
2025/11/22 03:36:53 ZEBRA: [WVJCK-PPMGD][EC 4043309093] netlink-dp (NS 0) error: Invalid argument, type=RTM_NEWROUTE(24), seq=280, pid=3286385155
2025/11/22 03:36:53 ZEBRA: [VYKYC-709DP] red(7:20):5:1:4::/128: Route install failed
2025/11/22 03:36:53 ZEBRA: [SWQK6-6JY63][EC 4043309074] 0:254:fc00:0:4::1/128: Failed to enqueue dataplane install
2025/11/22 03:36:53 ZEBRA: [SWQK6-6JY63][EC 4043309074] 0:254:fc00:0:4::/48: Failed to enqueue dataplane install
2025/11/22 03:36:53 ZEBRA: [SWQK6-6JY63][EC 4043309074] 0:254:fc00:1:2::1/128: Failed to enqueue dataplane install
2025/11/22 03:36:53 ZEBRA: [SWQK6-6JY63][EC 4043309074] 0:254:fc00:1:2::/48: Failed to enqueue dataplane install
2025/11/22 03:36:53 ZEBRA: [SWQK6-6JY63][EC 4043309074] 0:254:fc00:0:1::1/128: Failed to enqueue dataplane install
2025/11/22 03:36:53 ZEBRA: [SWQK6-6JY63][EC 4043309074] 0:254:fc00:0:1::/48: Failed to enqueue dataplane install
2025/11/22 03:36:53 ZEBRA: [SWQK6-6JY63][EC 4043309074] 0:254:fc00:0:3::1/128: Failed to enqueue dataplane install
2025/11/22 03:36:53 ZEBRA: [SWQK6-6JY63][EC 4043309074] 0:254:fc00:0:3::/48: Failed to enqueue dataplane install
2025/11/22 03:36:53 ZEBRA: [SWQK6-6JY63][EC 4043309074] 0:254:fc00:1:1::1/128: Failed to enqueue dataplane install
2025/11/22 03:36:53 ZEBRA: [SWQK6-6JY63][EC 4043309074] 0:254:fc00:1:1::/48: Failed to enqueue dataplane install
2025/11/22 03:36:53 ZEBRA: [SWQK6-6JY63][EC 4043309074] 0:254:fc00:0:2:1::/128: Failed to enqueue dataplane install
2025/11/22 03:36:53 ZEBRA: [HSYZM-HV7HF] Extended Error: Nexthop id does not exist
2025/11/22 03:36:53 ZEBRA: [WVJCK-PPMGD][EC 4043309093] netlink-dp (NS 0) error: Invalid argument, type=RTM_NEWROUTE(24), seq=294, pid=3286385155
2025/11/22 03:36:53 ZEBRA: [HSYZM-HV7HF] Extended Error: Nexthop id does not exist
2025/11/22 03:36:53 ZEBRA: [WVJCK-PPMGD][EC 4043309093] netlink-dp (NS 0) error: Invalid argument, type=RTM_NEWROUTE(24), seq=295, pid=3286385155
2025/11/22 03:36:53 ZEBRA: [HSYZM-HV7HF] Extended Error: Nexthop id does not exist
2025/11/22 03:36:53 ZEBRA: [WVJCK-PPMGD][EC 4043309093] netlink-dp (NS 0) error: Invalid argument, type=RTM_NEWROUTE(24), seq=296, pid=3286385155
2025/11/22 03:36:53 ZEBRA: [HSYZM-HV7HF] Extended Error: Nexthop id does not exist
2025/11/22 03:36:53 ZEBRA: [WVJCK-PPMGD][EC 4043309093] netlink-dp (NS 0) error: Invalid argument, type=RTM_NEWROUTE(24), seq=301, pid=3286385155
2025/11/22 03:36:53 ZEBRA: [HSYZM-HV7HF] Extended Error: Nexthop id does not exist
2025/11/22 03:36:53 ZEBRA: [WVJCK-PPMGD][EC 4043309093] netlink-dp (NS 0) error: Invalid argument, type=RTM_NEWROUTE(24), seq=302, pid=3286385155
2025/11/22 03:36:53 ZEBRA: [HSYZM-HV7HF] Extended Error: Nexthop id does not exist
2025/11/22 03:36:53 ZEBRA: [WVJCK-PPMGD][EC 4043309093] netlink-dp (NS 0) error: Invalid argument, type=RTM_NEWROUTE(24), seq=303, pid=3286385155
2025/11/22 03:36:53 ZEBRA: [HSYZM-HV7HF] Extended Error: Nexthop id does not exist
2025/11/22 03:36:53 ZEBRA: [WVJCK-PPMGD][EC 4043309093] netlink-dp (NS 0) error: Invalid argument, type=RTM_NEWROUTE(24), seq=304, pid=3286385155
2025/11/22 03:36:53 ZEBRA: [HSYZM-HV7HF] Extended Error: Nexthop id does not exist
2025/11/22 03:36:53 ZEBRA: [WVJCK-PPMGD][EC 4043309093] netlink-dp (NS 0) error: Invalid argument, type=RTM_NEWROUTE(24), seq=305, pid=3286385155
2025/11/22 03:36:53 ZEBRA: [HSYZM-HV7HF] Extended Error: Nexthop id does not exist
2025/11/22 03:36:53 ZEBRA: [WVJCK-PPMGD][EC 4043309093] netlink-dp (NS 0) error: Invalid argument, type=RTM_NEWROUTE(24), seq=306, pid=3286385155
2025/11/22 03:36:53 ZEBRA: [HSYZM-HV7HF] Extended Error: Nexthop id does not exist
2025/11/22 03:36:53 ZEBRA: [WVJCK-PPMGD][EC 4043309093] netlink-dp (NS 0) error: Invalid argument, type=RTM_NEWROUTE(24), seq=307, pid=3286385155
2025/11/22 03:36:53 ZEBRA: [HSYZM-HV7HF] Extended Error: Nexthop id does not exist
2025/11/22 03:36:53 ZEBRA: [WVJCK-PPMGD][EC 4043309093] netlink-dp (NS 0) error: Invalid argument, type=RTM_NEWROUTE(24), seq=308, pid=3286385155
2025/11/22 03:36:53 ZEBRA: [HSYZM-HV7HF] Extended Error: Nexthop id does not exist
2025/11/22 03:36:53 ZEBRA: [WVJCK-PPMGD][EC 4043309093] netlink-dp (NS 0) error: Invalid argument, type=RTM_NEWROUTE(24), seq=309, pid=3286385155
2025/11/22 03:36:53 ZEBRA: [VYKYC-709DP] red(7:20):5:1:1:2::/128: Route install failed
2025/11/22 03:36:53 ZEBRA: [VYKYC-709DP] blue(6:10):1:2:4::/128: Route install failed
2025/11/22 03:36:53 ZEBRA: [VYKYC-709DP] blue(6:10):1:2:1:2::/128: Route install failed
2025/11/22 03:36:53 ZEBRA: [VYKYC-709DP] red(7:20):5:1:1::/128: Route install failed
2025/11/22 03:36:53 ZEBRA: [VYKYC-709DP] blue(6:10):fc00:a:1:1::/64: Route install failed
2025/11/22 03:36:53 ZEBRA: [VYKYC-709DP] blue(6:10):1:2:1::/128: Route install failed
2025/11/22 03:36:53 ZEBRA: [VYKYC-709DP] blue(6:10):1:1:1::/128: Route install failed
2025/11/22 03:36:53 ZEBRA: [VYKYC-709DP] red(7:20):5:1:3::/128: Route install failed
2025/11/22 03:36:53 ZEBRA: [VYKYC-709DP] red(7:20):5:1:1:1::/128: Route install failed
2025/11/22 03:36:53 ZEBRA: [VYKYC-709DP] blue(6:10):fc00:a:1:2::/64: Route install failed
2025/11/22 03:36:53 ZEBRA: [VYKYC-709DP] blue(6:10):1:2:3::/128: Route install failed
2025/11/22 03:36:53 ZEBRA: [VYKYC-709DP] blue(6:10):1:2:1:1::/128: Route install failed
2025/11/22 04:22:52 LDP: [VTVCM-Y2NW3] Configuration Read in Took: 00:00:00
2025/11/22 04:22:52 LDP: [G6NKK-8C6DV] end_config: VTY:0x7d107a46d610, pending SET-CFG: 0
2025/11/22 04:22:52 BGP: [VTVCM-Y2NW3] Configuration Read in Took: 00:00:00
2025/11/22 04:22:52 BGP: [G6NKK-8C6DV] end_config: VTY:0x7f53725be0b0, pending SET-CFG: 0
2025/11/22 04:22:52 OSPF6: [VTVCM-Y2NW3] Configuration Read in Took: 00:00:00
2025/11/22 04:22:52 OSPF6: [G6NKK-8C6DV] end_config: VTY:0x7aa9f6fc2050, pending SET-CFG: 0
2025/11/22 04:22:52 PATH: [VTVCM-Y2NW3] Configuration Read in Took: 00:00:00
2025/11/22 04:22:52 PATH: [G6NKK-8C6DV] end_config: VTY:0x7ad99dc73190, pending SET-CFG: 0
2025/11/22 04:22:52 OSPF: [VTVCM-Y2NW3] Configuration Read in Took: 00:00:00
2025/11/22 04:22:52 OSPF: [G6NKK-8C6DV] end_config: VTY:0x7e2061d92060, pending SET-CFG: 0
2025/11/22 04:22:52 ISIS: [VTVCM-Y2NW3] Configuration Read in Took: 00:00:00
2025/11/22 04:22:52 ISIS: [G6NKK-8C6DV] end_config: VTY:0x78a8c81901b0, pending SET-CFG: 0
2025/11/22 04:22:52 ZEBRA: [YDG3W-JND95] FD Limit set: 1048576 is stupidly large.  Is this what you intended?  Consider using --limit-fds also limiting size to 100000
2025/11/22 04:22:52 ZEBRA: [V98V0-MTWPF] client 84 says hello and bids fair to announce only bgp routes vrf=0
2025/11/22 04:22:53 OSPF6: [GZ318-0J443] Zebra: got delete of lo10, but interface is still up
2025/11/22 04:22:53 OSPF6: [GZ318-0J443] Zebra: got delete of lo20, but interface is still up
2025/11/22 04:22:53 OSPF6: [GZ318-0J443] Zebra: got delete of eth3, but interface is still up
2025/11/22 04:43:33 PATH: [NN4XW-E4M3V] IPv4 Router Id updated for VRF 0: 172.16.0.2
2025/11/22 04:43:33 PATH: [NN4XW-E4M3V] IPv6 Router Id updated for VRF 0: fc00:0:2::1
2025/11/22 04:43:33 OSPF: [YWPB2-VEAQY] ASBR[red:Status:1]: Update
2025/11/22 04:43:33 ZEBRA: [YDG3W-JND95] FD Limit set: 1048576 is stupidly large.  Is this what you intended?  Consider using --limit-fds also limiting size to 100000
2025/11/22 04:43:33 ZEBRA: [V98V0-MTWPF] client 91 says hello and bids fair to announce only isis routes vrf=0
2025/11/22 04:43:33 ZEBRA: [TAFZ7-2C7QV] client protocol instance 1
2025/11/22 04:43:33 BGP: [M95PE-ZW8F6] VRF default(0): bgp_zebra_process_srv6_locator_internal, Received SRv6 locator loc01 fc00:0:2::/48, loc-block-len=24, loc-node-len=24 func-len=16, arg-len=0
2025/11/22 04:43:33 ISIS: [S89PV-K124N] isis_zebra_process_srv6_locator_internal: Received SRv6 locator loc01 fc00:0:2::/48, loc-block-len=24, loc-node-len=24 func-len=16, arg-len=0
2025/11/22 04:43:33 ISIS: [Q7SVW-YVKRH] %ADJCHANGE: Adjacency to 0000.0000.0001 (eth2) for level-2 changed from Unknown to Initializing, unspecified
2025/11/22 04:43:33 ISIS: [Q7SVW-YVKRH] %ADJCHANGE: Adjacency to 0000.0000.0001 (eth2) for level-2 changed from Initializing to Up, unspecified
2025/11/22 04:43:33 ZEBRA: [HSYZM-HV7HF] Extended Error: Label >= configured maximum in platform_labels
2025/11/22 04:43:33 ZEBRA: [WVJCK-PPMGD][EC 4043309093] netlink-dp (NS 0) error: Invalid argument, type=RTM_NEWROUTE(24), seq=121, pid=4210043666
2025/11/22 04:43:33 ZEBRA: [RYJ61-Q2T1D][EC 4043309108] LSP Install Failure: in-label 15000
2025/11/22 04:53:53 OSPF6: [TGY3Y-TNWHZ] Higher order sequence number 0 read for red process No such file or directory
2025/11/22 04:53:53 OSPF6: [H12G7-14H22] Higher order sequence number 0 update for red process
2025/11/22 04:54:20 OSPF6: [V8P0C-HB5Z2] ASBR[red:Status:1]: Update
2025/11/22 04:54:43 OSPF6: [RB0PM-VM0Y3] interface_up: Not scheduling Hello for eth3 as there is no area assigned yet
2025/11/22 04:56:24 OSPF: [Y05P2-YJVXY] AdjChg: Nbr 6.0.0.0, NbrIP 10.1.0.1 (red) on eth3:10.1.0.0: Down -> Init (HelloReceived)
2025/11/22 04:56:24 OSPF6: [GHN28-AMRE7] AdjChg: Nbr 6.0.0.0(red) on 6.0.0.0%eth3: Down -> Init (HelloReceived)
2025/11/22 04:56:27 OSPF6: [GHN28-AMRE7] AdjChg: Nbr 6.0.0.0(red) on 6.0.0.0%eth3: Init -> ExStart (2-WayReceived)
2025/11/22 04:56:27 OSPF6: [GHN28-AMRE7] AdjChg: Nbr 6.0.0.0(red) on 6.0.0.0%eth3: ExStart -> ExChange (NegotiationDone)
2025/11/22 04:56:27 OSPF6: [GHN28-AMRE7] AdjChg: Nbr 6.0.0.0(red) on 6.0.0.0%eth3: ExChange -> Loading (ExchangeDone)
2025/11/22 04:56:27 OSPF6: [GHN28-AMRE7] AdjChg: Nbr 6.0.0.0(red) on 6.0.0.0%eth3: Loading -> Full (LoadingDone)
2025/11/22 04:56:33 OSPF: [SXPB9-WR7E3] red:Packet[DD]: Neighbor 6.0.0.0 state is Init, seq_num:0x14bca25a, local:0x0
2025/11/22 04:56:33 OSPF: [Y05P2-YJVXY] AdjChg: Nbr 6.0.0.0, NbrIP 10.1.0.1 (red) on eth3:10.1.0.0: Init -> ExStart (2-WayReceived)
2025/11/22 04:56:33 OSPF: [K9Q2W-82MY9] red: Initializing [DD]: 6.0.0.0 with seqnum:48fa626c , flags:7
2025/11/22 04:56:33 OSPF: [YPCA4-JHA8Q] red:Packet[DD]: 6.0.0.0 DB Desc send with seqnum:48fa626c , flags:7
2025/11/22 04:56:33 OSPF: [QY7PX-A76VE] Packet[DD]: Neighbor 6.0.0.0 Negotiation done (Slave).
2025/11/22 04:56:33 OSPF: [Y05P2-YJVXY] AdjChg: Nbr 6.0.0.0, NbrIP 10.1.0.1 (red) on eth3:10.1.0.0: ExStart -> Exchange (NegotiationDone)
2025/11/22 04:56:33 OSPF: [YPCA4-JHA8Q] red:Packet[DD]: 6.0.0.0 DB Desc send with seqnum:14bca25a , flags:0
2025/11/22 04:56:33 OSPF: [SXPB9-WR7E3] red:Packet[DD]: Neighbor 6.0.0.0 state is Exchange, seq_num:0x14bca25b, local:0x14bca25a
2025/11/22 04:56:33 OSPF: [YPCA4-JHA8Q] red:Packet[DD]: 6.0.0.0 DB Desc send with seqnum:14bca25b , flags:0
2025/11/22 04:56:33 OSPF: [Y05P2-YJVXY] AdjChg: Nbr 6.0.0.0, NbrIP 10.1.0.1 (red) on eth3:10.1.0.0: Exchange -> Loading (ExchangeDone)
2025/11/22 04:56:33 OSPF: [Y05P2-YJVXY] AdjChg: Nbr 6.0.0.0, NbrIP 10.1.0.1 (red) on eth3:10.1.0.0: Loading -> Full (LoadingDone)
2025/11/22 04:56:33 OSPF: [S3578-FNEB0] nsm_change_state:[6.0.0.0:red], Loading -> Full): scheduling new router-LSA origination
2025/11/22 05:00:34 ISIS: [Q7SVW-YVKRH] %ADJCHANGE: Adjacency to 0000.0001.0002 (eth1) for level-2 changed from Unknown to Initializing, unspecified
2025/11/22 05:00:34 ISIS: [Q7SVW-YVKRH] %ADJCHANGE: Adjacency to 0000.0001.0002 (eth1) for level-2 changed from Initializing to Up, unspecified
2025/11/22 05:00:34 ZEBRA: [HSYZM-HV7HF] Extended Error: Label >= configured maximum in platform_labels
2025/11/22 05:00:34 ZEBRA: [WVJCK-PPMGD][EC 4043309093] netlink-dp (NS 0) error: Invalid argument, type=RTM_NEWROUTE(24), seq=144, pid=4210043666
2025/11/22 05:00:34 ZEBRA: [RYJ61-Q2T1D][EC 4043309108] LSP Install Failure: in-label 15001
2025/11/22 05:01:04 BGP: [M59KS-A3ZXZ] bgp_update_receive_eor: rcvd End-of-RIB for IPv6 Unicast from fc00:1:2::1 in vrf default
2025/11/22 05:01:04 BGP: [M59KS-A3ZXZ] bgp_update_receive_eor: rcvd End-of-RIB for IPv4 VPN from fc00:1:2::1 in vrf default
2025/11/22 05:01:04 BGP: [M59KS-A3ZXZ] bgp_update_receive_eor: rcvd End-of-RIB for IPv6 VPN from fc00:1:2::1 in vrf default
2025/11/22 05:04:08 BGP: [M59KS-A3ZXZ] bgp_update_receive_eor: rcvd End-of-RIB for IPv6 Unicast from fc00:1:1::1 in vrf default
2025/11/22 05:04:08 BGP: [M59KS-A3ZXZ] bgp_update_receive_eor: rcvd End-of-RIB for IPv4 VPN from fc00:1:1::1 in vrf default
2025/11/22 05:04:08 BGP: [M59KS-A3ZXZ] bgp_update_receive_eor: rcvd End-of-RIB for IPv6 VPN from fc00:1:1::1 in vrf default
2025/11/22 08:43:38 OSPF6: [WF9PF-G40PR] Interface eth3 is down, can't execute [InterfaceUp]
2025/11/22 08:43:38 OSPF: [YWPB2-VEAQY] ASBR[red:Status:1]: Update
2025/11/22 08:43:38 LDP: [VTVCM-Y2NW3] Configuration Read in Took: 00:00:00
2025/11/22 08:43:38 LDP: [G6NKK-8C6DV] end_config: VTY:0x7adb73b45610, pending SET-CFG: 0
2025/11/22 08:43:38 OSPF: [VTVCM-Y2NW3] Configuration Read in Took: 00:00:00
2025/11/22 08:43:38 OSPF: [G6NKK-8C6DV] end_config: VTY:0x73204192c060, pending SET-CFG: 0
2025/11/22 08:43:38 BGP: [M95PE-ZW8F6] VRF default(0): bgp_zebra_process_srv6_locator_internal, Received SRv6 locator loc01 fc00:0:2::/48, loc-block-len=24, loc-node-len=24 func-len=16, arg-len=0
2025/11/22 08:43:38 OSPF6: [TGY3Y-TNWHZ] Higher order sequence number 1 read for red process No error information
2025/11/22 08:43:38 BGP: [VTVCM-Y2NW3] Configuration Read in Took: 00:00:00
2025/11/22 08:43:38 BGP: [G6NKK-8C6DV] end_config: VTY:0x75fe61f360b0, pending SET-CFG: 0
2025/11/22 08:43:38 OSPF6: [H12G7-14H22] Higher order sequence number 1 update for red process
2025/11/22 08:43:38 ISIS: [VTVCM-Y2NW3] Configuration Read in Took: 00:00:00
2025/11/22 08:43:38 ISIS: [G6NKK-8C6DV] end_config: VTY:0x73080635d1b0, pending SET-CFG: 0
2025/11/22 08:43:38 ISIS: [S89PV-K124N] isis_zebra_process_srv6_locator_internal: Received SRv6 locator loc01 fc00:0:2::/48, loc-block-len=24, loc-node-len=24 func-len=16, arg-len=0
2025/11/22 08:43:38 OSPF6: [V8P0C-HB5Z2] ASBR[red:Status:1]: Update
2025/11/22 08:43:38 OSPF6: [VTVCM-Y2NW3] Configuration Read in Took: 00:00:00
2025/11/22 08:43:38 OSPF6: [G6NKK-8C6DV] end_config: VTY:0x771f64696050, pending SET-CFG: 0
2025/11/22 08:43:38 PATH: [VTVCM-Y2NW3] Configuration Read in Took: 00:00:00
2025/11/22 08:43:38 PATH: [G6NKK-8C6DV] end_config: VTY:0x7e768bb4e180, pending SET-CFG: 0
2025/11/22 08:43:38 PATH: [NN4XW-E4M3V] IPv4 Router Id updated for VRF 0: 172.16.0.2
2025/11/22 08:43:41 PATH: [NN4XW-E4M3V] IPv6 Router Id updated for VRF 0: 3fff:172:20:20:42:acff:fe14:140a
2025/11/22 08:46:12 OSPF6: [WF9PF-G40PR] Interface eth3 is down, can't execute [InterfaceUp]
2025/11/22 08:46:12 OSPF6: [TGY3Y-TNWHZ] Higher order sequence number 0 read for red process No such file or directory
2025/11/22 08:46:12 OSPF6: [H12G7-14H22] Higher order sequence number 0 update for red process
2025/11/22 08:46:12 LDP: [VTVCM-Y2NW3] Configuration Read in Took: 00:00:00
2025/11/22 08:46:12 LDP: [G6NKK-8C6DV] end_config: VTY:0x71f989944610, pending SET-CFG: 0
2025/11/22 08:46:12 BGP: [M95PE-ZW8F6] VRF default(0): bgp_zebra_process_srv6_locator_internal, Received SRv6 locator loc01 fc00:0:2::/48, loc-block-len=24, loc-node-len=24 func-len=16, arg-len=0
2025/11/22 08:46:12 BGP: [VTVCM-Y2NW3] Configuration Read in Took: 00:00:00
2025/11/22 08:46:12 BGP: [G6NKK-8C6DV] end_config: VTY:0x7b858ea250b0, pending SET-CFG: 0
2025/11/22 08:46:12 STATIC: [VTVCM-Y2NW3] Configuration Read in Took: 00:00:00
2025/11/22 08:46:12 STATIC: [G6NKK-8C6DV] end_config: VTY:0x77d475d830c0, pending SET-CFG: 0
2025/11/22 08:46:12 OSPF: [YWPB2-VEAQY] ASBR[red:Status:1]: Update
2025/11/22 08:46:12 OSPF: [VTVCM-Y2NW3] Configuration Read in Took: 00:00:00
2025/11/22 08:46:12 OSPF: [G6NKK-8C6DV] end_config: VTY:0x7a3ad2f0b070, pending SET-CFG: 0
2025/11/22 08:46:12 OSPF6: [RB0PM-VM0Y3] interface_up: Not scheduling Hello for lo20 as there is no area assigned yet
2025/11/22 08:46:12 OSPF6: [RB0PM-VM0Y3] interface_up: Not scheduling Hello for lo20 as there is no area assigned yet
2025/11/22 08:46:12 OSPF6: [V8P0C-HB5Z2] ASBR[red:Status:1]: Update
2025/11/22 08:46:12 PATH: [VTVCM-Y2NW3] Configuration Read in Took: 00:00:00
2025/11/22 08:46:12 PATH: [G6NKK-8C6DV] end_config: VTY:0x768c8d208190, pending SET-CFG: 0
2025/11/22 08:46:12 OSPF6: [VTVCM-Y2NW3] Configuration Read in Took: 00:00:00
2025/11/22 08:46:12 OSPF6: [G6NKK-8C6DV] end_config: VTY:0x7f4982ab8050, pending SET-CFG: 0
2025/11/22 08:46:12 ZEBRA: [YDG3W-JND95] FD Limit set: 1048576 is stupidly large.  Is this what you intended?  Consider using --limit-fds also limiting size to 100000
2025/11/22 08:46:12 ZEBRA: [V98V0-MTWPF] client 89 says hello and bids fair to announce only isis routes vrf=0
2025/11/22 08:46:12 ZEBRA: [TAFZ7-2C7QV] client protocol instance 1
2025/11/22 08:46:12 ISIS: [VTVCM-Y2NW3] Configuration Read in Took: 00:00:00
2025/11/22 08:46:12 ISIS: [G6NKK-8C6DV] end_config: VTY:0x74d642cff1c0, pending SET-CFG: 0
2025/11/22 08:46:12 ISIS: [S89PV-K124N] isis_zebra_process_srv6_locator_internal: Received SRv6 locator loc01 fc00:0:2::/48, loc-block-len=24, loc-node-len=24 func-len=16, arg-len=0
2025/11/22 08:46:13 ISIS: [Q7SVW-YVKRH] %ADJCHANGE: Adjacency to 0000.0000.0001 (eth2) for level-2 changed from Unknown to Initializing, unspecified
2025/11/22 08:46:13 ZEBRA: [HSYZM-HV7HF] Extended Error: Label >= configured maximum in platform_labels
2025/11/22 08:46:13 ZEBRA: [WVJCK-PPMGD][EC 4043309093] netlink-dp (NS 0) error: Invalid argument, type=RTM_NEWROUTE(24), seq=78, pid=3081490437
2025/11/22 08:46:13 ZEBRA: [RYJ61-Q2T1D][EC 4043309108] LSP Install Failure: in-label 15000
2025/11/22 08:46:13 ZEBRA: [HSYZM-HV7HF] Extended Error: Label >= configured maximum in platform_labels
2025/11/22 08:46:13 ZEBRA: [WVJCK-PPMGD][EC 4043309093] netlink-dp (NS 0) error: Invalid argument, type=RTM_NEWROUTE(24), seq=81, pid=3081490437
2025/11/22 08:46:13 ZEBRA: [RYJ61-Q2T1D][EC 4043309108] LSP Install Failure: in-label 15000
2025/11/22 08:46:13 ISIS: [Q7SVW-YVKRH] %ADJCHANGE: Adjacency to 0000.0000.0001 (eth2) for level-2 changed from Initializing to Up, unspecified
2025/11/22 08:46:13 ISIS: [Q7SVW-YVKRH] %ADJCHANGE: Adjacency to 0000.0001.0002 (eth1) for level-2 changed from Unknown to Initializing, unspecified
2025/11/22 08:46:13 ZEBRA: [HSYZM-HV7HF] Extended Error: Label >= configured maximum in platform_labels
2025/11/22 08:46:13 ZEBRA: [WVJCK-PPMGD][EC 4043309093] netlink-dp (NS 0) error: Invalid argument, type=RTM_NEWROUTE(24), seq=84, pid=3081490437
2025/11/22 08:46:13 ZEBRA: [RYJ61-Q2T1D][EC 4043309108] LSP Install Failure: in-label 15001
2025/11/22 08:46:13 ISIS: [Q7SVW-YVKRH] %ADJCHANGE: Adjacency to 0000.0001.0002 (eth1) for level-2 changed from Initializing to Up, unspecified
2025/11/22 08:46:13 OSPF6: [GZ318-0J443] Zebra: got delete of lo10, but interface is still up
2025/11/22 08:46:13 ZEBRA: [HSYZM-HV7HF] Extended Error: Label >= configured maximum in platform_labels
2025/11/22 08:46:13 ZEBRA: [WVJCK-PPMGD][EC 4043309093] netlink-dp (NS 0) error: Invalid argument, type=RTM_NEWROUTE(24), seq=106, pid=3081490437
2025/11/22 08:46:13 ZEBRA: [HSYZM-HV7HF] Extended Error: Label >= configured maximum in platform_labels
2025/11/22 08:46:13 ZEBRA: [WVJCK-PPMGD][EC 4043309093] netlink-dp (NS 0) error: Invalid argument, type=RTM_NEWROUTE(24), seq=107, pid=3081490437
2025/11/22 08:46:13 ZEBRA: [RYJ61-Q2T1D][EC 4043309108] LSP Install Failure: in-label 15001
2025/11/22 08:46:13 ZEBRA: [RYJ61-Q2T1D][EC 4043309108] LSP Install Failure: in-label 15000
2025/11/22 08:46:13 OSPF6: [GZ318-0J443] Zebra: got delete of lo20, but interface is still up
2025/11/22 08:46:13 ZEBRA: [HSYZM-HV7HF] Extended Error: Label >= configured maximum in platform_labels
2025/11/22 08:46:13 ZEBRA: [WVJCK-PPMGD][EC 4043309093] netlink-dp (NS 0) error: Invalid argument, type=RTM_NEWROUTE(24), seq=130, pid=3081490437
2025/11/22 08:46:13 ZEBRA: [HSYZM-HV7HF] Extended Error: Label >= configured maximum in platform_labels
2025/11/22 08:46:13 ZEBRA: [WVJCK-PPMGD][EC 4043309093] netlink-dp (NS 0) error: Invalid argument, type=RTM_NEWROUTE(24), seq=131, pid=3081490437
2025/11/22 08:46:13 ZEBRA: [RYJ61-Q2T1D][EC 4043309108] LSP Install Failure: in-label 15001
2025/11/22 08:46:13 ZEBRA: [RYJ61-Q2T1D][EC 4043309108] LSP Install Failure: in-label 15000
2025/11/22 08:46:14 OSPF6: [GZ318-0J443] Zebra: got delete of eth3, but interface is still up
2025/11/22 08:46:25 OSPF: [Y05P2-YJVXY] AdjChg: Nbr 6.0.0.0, NbrIP 10.1.0.1 (red) on eth3:10.1.0.0: Down -> Init (HelloReceived)
2025/11/22 08:46:25 OSPF: [Y05P2-YJVXY] AdjChg: Nbr 6.0.0.0, NbrIP 10.1.0.1 (red) on eth3:10.1.0.0: Init -> ExStart (2-WayReceived)
2025/11/22 08:46:25 OSPF: [K9Q2W-82MY9] red: Initializing [DD]: 6.0.0.0 with seqnum:1a1b7120 , flags:7
2025/11/22 08:46:25 OSPF: [YPCA4-JHA8Q] red:Packet[DD]: 6.0.0.0 DB Desc send with seqnum:1a1b7120 , flags:7
2025/11/22 08:46:25 OSPF: [SXPB9-WR7E3] red:Packet[DD]: Neighbor 6.0.0.0 state is ExStart, seq_num:0x2d82f40d, local:0x1a1b7120
2025/11/22 08:46:25 OSPF: [QY7PX-A76VE] Packet[DD]: Neighbor 6.0.0.0 Negotiation done (Slave).
2025/11/22 08:46:25 OSPF: [Y05P2-YJVXY] AdjChg: Nbr 6.0.0.0, NbrIP 10.1.0.1 (red) on eth3:10.1.0.0: ExStart -> Exchange (NegotiationDone)
2025/11/22 08:46:25 OSPF: [YPCA4-JHA8Q] red:Packet[DD]: 6.0.0.0 DB Desc send with seqnum:2d82f40d , flags:0
2025/11/22 08:46:25 OSPF: [SXPB9-WR7E3] red:Packet[DD]: Neighbor 6.0.0.0 state is Exchange, seq_num:0x2d82f40e, local:0x2d82f40d
2025/11/22 08:46:25 OSPF: [YPCA4-JHA8Q] red:Packet[DD]: 6.0.0.0 DB Desc send with seqnum:2d82f40e , flags:0
2025/11/22 08:46:25 OSPF: [Y05P2-YJVXY] AdjChg: Nbr 6.0.0.0, NbrIP 10.1.0.1 (red) on eth3:10.1.0.0: Exchange -> Loading (ExchangeDone)
2025/11/22 08:46:25 OSPF: [Y05P2-YJVXY] AdjChg: Nbr 6.0.0.0, NbrIP 10.1.0.1 (red) on eth3:10.1.0.0: Loading -> Full (LoadingDone)
2025/11/22 08:46:25 OSPF: [S3578-FNEB0] nsm_change_state:[6.0.0.0:red], Loading -> Full): scheduling new router-LSA origination
2025/11/22 08:46:25 OSPF6: [GHN28-AMRE7] AdjChg: Nbr 6.0.0.0(red) on 6.0.0.0%eth3: Down -> Init (HelloReceived)
2025/11/22 08:46:25 OSPF6: [GHN28-AMRE7] AdjChg: Nbr 6.0.0.0(red) on 6.0.0.0%eth3: Init -> ExStart (2-WayReceived)
2025/11/22 08:46:25 OSPF6: [GHN28-AMRE7] AdjChg: Nbr 6.0.0.0(red) on 6.0.0.0%eth3: ExStart -> ExChange (NegotiationDone)
2025/11/22 08:46:25 OSPF6: [GHN28-AMRE7] AdjChg: Nbr 6.0.0.0(red) on 6.0.0.0%eth3: ExChange -> Loading (ExchangeDone)
2025/11/22 08:46:25 OSPF6: [GHN28-AMRE7] AdjChg: Nbr 6.0.0.0(red) on 6.0.0.0%eth3: Loading -> Full (LoadingDone)
2025/11/22 08:46:45 BGP: [M59KS-A3ZXZ] bgp_update_receive_eor: rcvd End-of-RIB for IPv6 Unicast from fc00:1:1::1 in vrf default
2025/11/22 08:46:45 BGP: [M59KS-A3ZXZ] bgp_update_receive_eor: rcvd End-of-RIB for IPv4 VPN from fc00:1:1::1 in vrf default
2025/11/22 08:46:45 BGP: [M59KS-A3ZXZ] bgp_update_receive_eor: rcvd End-of-RIB for IPv6 VPN from fc00:1:1::1 in vrf default
2025/11/22 08:46:45 BGP: [M59KS-A3ZXZ] bgp_update_receive_eor: rcvd End-of-RIB for IPv6 Unicast from fc00:1:2::1 in vrf default
2025/11/22 08:46:45 BGP: [M59KS-A3ZXZ] bgp_update_receive_eor: rcvd End-of-RIB for IPv4 VPN from fc00:1:2::1 in vrf default
2025/11/22 08:46:45 BGP: [M59KS-A3ZXZ] bgp_update_receive_eor: rcvd End-of-RIB for IPv6 VPN from fc00:1:2::1 in vrf default
2025/11/22 09:06:05 OSPF: [VQK5M-9G0V1][EC 100663315] CPU starvation: {(event *)0x7ffc2ac26928 arg=0x7a3ad2ef1010 ready               (ospf_ls_req_timer)() &(nbr->t_ls_req) from ospfd/ospf_packet.c:290} getting executed 4268ms late, warning threshold 4000ms. System load: 0.05, 0.10, 0.16
2025/11/22 09:12:12 BGP: [M59KS-A3ZXZ] bgp_update_receive_eor: rcvd End-of-RIB for IPv6 Unicast from fc00:1:1::1 in vrf default
2025/11/22 09:12:12 BGP: [M59KS-A3ZXZ] bgp_update_receive_eor: rcvd End-of-RIB for IPv4 VPN from fc00:1:1::1 in vrf default
2025/11/22 09:12:12 BGP: [M59KS-A3ZXZ] bgp_update_receive_eor: rcvd End-of-RIB for IPv6 VPN from fc00:1:1::1 in vrf default
2025/11/22 09:12:23 BGP: [M59KS-A3ZXZ] bgp_update_receive_eor: rcvd End-of-RIB for IPv6 Unicast from fc00:1:2::1 in vrf default
2025/11/22 09:12:23 BGP: [M59KS-A3ZXZ] bgp_update_receive_eor: rcvd End-of-RIB for IPv4 VPN from fc00:1:2::1 in vrf default
2025/11/22 09:12:23 BGP: [M59KS-A3ZXZ] bgp_update_receive_eor: rcvd End-of-RIB for IPv6 VPN from fc00:1:2::1 in vrf default
2025/11/22 09:13:01 BGP: [M59KS-A3ZXZ] bgp_update_receive_eor: rcvd End-of-RIB for IPv6 Unicast from fc00:1:2::1 in vrf default
2025/11/22 09:13:01 BGP: [M59KS-A3ZXZ] bgp_update_receive_eor: rcvd End-of-RIB for IPv4 VPN from fc00:1:2::1 in vrf default
2025/11/22 09:13:01 BGP: [M59KS-A3ZXZ] bgp_update_receive_eor: rcvd End-of-RIB for IPv6 VPN from fc00:1:2::1 in vrf default
